TN:
SF:src/components/employee/employee-detail-item.js
FN:5,<static_initializer>
FN:35,EmployeeDetailItem
FN:41,render
FNF:3
FNH:3
FNDA:12,<static_initializer>
FNDA:2072,EmployeeDetailItem
FNDA:2232,render
DA:1,12
DA:2,12
DA:3,12
DA:4,12
DA:5,12
DA:6,12
DA:7,12
DA:8,12
DA:9,12
DA:10,12
DA:11,12
DA:12,12
DA:13,12
DA:14,12
DA:15,12
DA:16,12
DA:17,12
DA:18,12
DA:19,12
DA:20,12
DA:21,12
DA:22,12
DA:23,12
DA:24,12
DA:25,12
DA:26,12
DA:27,12
DA:28,12
DA:29,12
DA:30,12
DA:31,12
DA:32,12
DA:33,12
DA:34,12
DA:35,12
DA:36,2072
DA:37,2072
DA:38,2072
DA:39,2072
DA:40,12
DA:41,12
DA:42,2232
DA:43,2232
DA:44,2232
DA:45,2232
DA:46,2232
DA:47,12
DA:48,12
DA:49,12
LF:49
LH:49
BRDA:1,0,0,12
BRDA:5,1,0,12
BRDA:35,2,0,2074
BRDA:41,3,0,2234
BRF:4
BRH:4
end_of_record
TN:
SF:src/components/employee/employee-form-fields.js
FN:8,<static_initializer>
FN:144,EmployeeFormFields
FN:171,handleFieldChange
FN:179,handleInput
FN:187,handleSubmit
FN:194,handleCancel
FN:200,render
FNF:7
FNH:7
FNDA:8,<static_initializer>
FNDA:148,EmployeeFormFields
FNDA:2,handleFieldChange
FNDA:2,handleInput
FNDA:2,handleSubmit
FNDA:4,handleCancel
FNDA:260,render
DA:1,8
DA:2,8
DA:3,8
DA:4,8
DA:5,8
DA:6,8
DA:7,8
DA:8,8
DA:9,8
DA:10,8
DA:11,8
DA:12,8
DA:13,8
DA:14,8
DA:15,8
DA:16,8
DA:17,8
DA:18,8
DA:19,8
DA:20,8
DA:21,8
DA:22,8
DA:23,8
DA:24,8
DA:25,8
DA:26,8
DA:27,8
DA:28,8
DA:29,8
DA:30,8
DA:31,8
DA:32,8
DA:33,8
DA:34,8
DA:35,8
DA:36,8
DA:37,8
DA:38,8
DA:39,8
DA:40,8
DA:41,8
DA:42,8
DA:43,8
DA:44,8
DA:45,8
DA:46,8
DA:47,8
DA:48,8
DA:49,8
DA:50,8
DA:51,8
DA:52,8
DA:53,8
DA:54,8
DA:55,8
DA:56,8
DA:57,8
DA:58,8
DA:59,8
DA:60,8
DA:61,8
DA:62,8
DA:63,8
DA:64,8
DA:65,8
DA:66,8
DA:67,8
DA:68,8
DA:69,8
DA:70,8
DA:71,8
DA:72,8
DA:73,8
DA:74,8
DA:75,8
DA:76,8
DA:77,8
DA:78,8
DA:79,8
DA:80,8
DA:81,8
DA:82,8
DA:83,8
DA:84,8
DA:85,8
DA:86,8
DA:87,8
DA:88,8
DA:89,8
DA:90,8
DA:91,8
DA:92,8
DA:93,8
DA:94,8
DA:95,8
DA:96,8
DA:97,8
DA:98,8
DA:99,8
DA:100,8
DA:101,8
DA:102,8
DA:103,8
DA:104,8
DA:105,8
DA:106,8
DA:107,8
DA:108,8
DA:109,8
DA:110,8
DA:111,8
DA:112,8
DA:113,8
DA:114,8
DA:115,8
DA:116,8
DA:117,8
DA:118,8
DA:119,8
DA:120,8
DA:121,8
DA:122,8
DA:123,8
DA:124,8
DA:125,8
DA:126,8
DA:127,8
DA:128,8
DA:129,8
DA:130,8
DA:131,8
DA:132,8
DA:133,8
DA:134,8
DA:135,8
DA:136,8
DA:137,8
DA:138,8
DA:139,8
DA:140,8
DA:141,8
DA:142,8
DA:143,8
DA:144,8
DA:145,148
DA:146,148
DA:147,148
DA:148,148
DA:149,148
DA:150,148
DA:151,148
DA:152,148
DA:153,148
DA:154,148
DA:155,148
DA:156,148
DA:157,148
DA:158,148
DA:159,148
DA:160,148
DA:161,148
DA:162,148
DA:163,148
DA:164,148
DA:165,148
DA:166,148
DA:167,148
DA:168,148
DA:169,148
DA:170,8
DA:171,8
DA:172,2
DA:173,2
DA:174,2
DA:175,2
DA:176,2
DA:177,2
DA:178,8
DA:179,8
DA:180,2
DA:181,2
DA:182,2
DA:183,2
DA:184,2
DA:185,2
DA:186,8
DA:187,8
DA:188,2
DA:189,2
DA:190,2
DA:191,2
DA:192,2
DA:193,8
DA:194,8
DA:195,4
DA:196,4
DA:197,4
DA:198,4
DA:199,8
DA:200,8
DA:201,260
DA:202,260
DA:203,260
DA:204,4
DA:205,260
DA:206,260
DA:207,260
DA:208,260
DA:209,260
DA:210,260
DA:211,260
DA:212,260
DA:213,260
DA:214,260
DA:215,260
DA:216,260
DA:217,260
DA:218,260
DA:219,260
DA:220,260
DA:221,260
DA:222,260
DA:223,260
DA:224,260
DA:225,260
DA:226,260
DA:227,260
DA:228,260
DA:229,260
DA:230,260
DA:231,260
DA:232,260
DA:233,260
DA:234,260
DA:235,260
DA:236,260
DA:237,260
DA:238,260
DA:239,260
DA:240,260
DA:241,260
DA:242,260
DA:243,260
DA:244,260
DA:245,260
DA:246,260
DA:247,260
DA:248,260
DA:249,260
DA:250,260
DA:251,260
DA:252,260
DA:253,260
DA:254,260
DA:255,260
DA:256,260
DA:257,260
DA:258,260
DA:259,260
DA:260,260
DA:261,260
DA:262,260
DA:263,260
DA:264,260
DA:265,260
DA:266,260
DA:267,260
DA:268,260
DA:269,260
DA:270,260
DA:271,260
DA:272,260
DA:273,260
DA:274,260
DA:275,260
DA:276,260
DA:277,260
DA:278,260
DA:279,260
DA:280,260
DA:281,260
DA:282,260
DA:283,260
DA:284,260
DA:285,260
DA:286,260
DA:287,260
DA:288,260
DA:289,260
DA:290,260
DA:291,260
DA:292,260
DA:293,260
DA:294,260
DA:295,260
DA:296,260
DA:297,260
DA:298,260
DA:299,260
DA:300,260
DA:301,260
DA:302,8
DA:303,8
DA:304,8
LF:304
LH:304
BRDA:1,0,0,8
BRDA:8,1,0,8
BRDA:144,2,0,150
BRDA:200,3,0,262
BRDA:203,4,0,6
BRDA:171,5,0,8
BRDA:179,6,0,8
BRDA:187,7,0,8
BRDA:194,8,0,10
BRDA:205,9,0,258
BRDA:211,10,0,252
BRDA:214,11,0,258
BRDA:221,12,0,256
BRDA:260,13,0,258
BRDA:264,14,0,260
BRDA:271,15,0,260
BRDA:282,16,0,260
BRF:17
BRH:17
end_of_record
TN:
SF:src/components/employee/employee-form.js
FN:9,<static_initializer>
FN:59,EmployeeForm
FN:69,updated
FN:79,handleFormInput
FN:84,handleFormSubmit
FN:99,handleFormCancel
FN:103,handleConfirmModalConfirm
FN:107,handleConfirmModalCancel
FN:111,get pageTitle
FN:117,get submitButtonText
FN:123,get editInfoText
FN:132,render
FNF:12
FNH:12
FNDA:6,<static_initializer>
FNDA:82,EmployeeForm
FNDA:172,updated
FNDA:6,handleFormInput
FNDA:8,handleFormSubmit
FNDA:2,handleFormCancel
FNDA:2,handleConfirmModalConfirm
FNDA:2,handleConfirmModalCancel
FNDA:180,get pageTitle
FNDA:180,get submitButtonText
FNDA:180,get editInfoText
FNDA:174,render
DA:1,6
DA:2,6
DA:3,6
DA:4,6
DA:5,6
DA:6,6
DA:7,6
DA:8,6
DA:9,6
DA:10,6
DA:11,6
DA:12,6
DA:13,6
DA:14,6
DA:15,6
DA:16,6
DA:17,6
DA:18,6
DA:19,6
DA:20,6
DA:21,6
DA:22,6
DA:23,6
DA:24,6
DA:25,6
DA:26,6
DA:27,6
DA:28,6
DA:29,6
DA:30,6
DA:31,6
DA:32,6
DA:33,6
DA:34,6
DA:35,6
DA:36,6
DA:37,6
DA:38,6
DA:39,6
DA:40,6
DA:41,6
DA:42,6
DA:43,6
DA:44,6
DA:45,6
DA:46,6
DA:47,6
DA:48,6
DA:49,6
DA:50,6
DA:51,6
DA:52,6
DA:53,6
DA:54,6
DA:55,6
DA:56,6
DA:57,6
DA:58,6
DA:59,6
DA:60,82
DA:61,82
DA:62,82
DA:63,82
DA:64,82
DA:65,82
DA:66,82
DA:67,82
DA:68,6
DA:69,6
DA:70,172
DA:71,172
DA:72,172
DA:73,172
DA:74,88
DA:75,88
DA:76,172
DA:77,6
DA:78,6
DA:79,6
DA:80,6
DA:81,6
DA:82,6
DA:83,6
DA:84,6
DA:85,8
DA:86,2
DA:87,2
DA:88,2
DA:89,6
DA:90,8
DA:91,2
DA:92,2
DA:93,8
DA:94,4
DA:95,4
DA:96,4
DA:97,8
DA:98,6
DA:99,6
DA:100,2
DA:101,2
DA:102,6
DA:103,6
DA:104,2
DA:105,2
DA:106,6
DA:107,6
DA:108,2
DA:109,2
DA:110,6
DA:111,6
DA:112,180
DA:113,180
DA:114,180
DA:115,180
DA:116,6
DA:117,6
DA:118,180
DA:119,180
DA:120,180
DA:121,180
DA:122,6
DA:123,6
DA:124,180
DA:125,2
DA:126,2
DA:127,2
DA:128,2
DA:129,178
DA:130,180
DA:131,6
DA:132,6
DA:133,174
DA:134,174
DA:135,174
DA:136,174
DA:137,174
DA:138,174
DA:139,174
DA:140,174
DA:141,174
DA:142,174
DA:143,174
DA:144,174
DA:145,174
DA:146,174
DA:147,174
DA:148,174
DA:149,174
DA:150,174
DA:151,174
DA:152,174
DA:153,174
DA:154,174
DA:155,174
DA:156,174
DA:157,174
DA:158,174
DA:159,174
DA:160,174
DA:161,174
DA:162,174
DA:163,174
DA:164,6
DA:165,6
DA:166,6
LF:166
LH:166
BRDA:1,0,0,6
BRDA:9,1,0,6
BRDA:59,2,0,84
BRDA:69,3,0,174
BRDA:73,4,0,88
BRDA:73,5,0,90
BRDA:111,6,0,182
BRDA:114,7,0,6
BRDA:117,8,0,182
BRDA:120,9,0,6
BRDA:123,10,0,182
BRDA:124,11,0,6
BRDA:124,12,0,4
BRDA:124,13,0,4
BRDA:132,14,0,176
BRDA:79,15,0,10
BRDA:84,16,0,12
BRDA:85,17,0,6
BRDA:89,18,0,10
BRDA:90,19,0,6
BRDA:93,20,0,8
BRDA:85,21,0,6
BRDA:99,22,0,6
BRDA:103,23,0,6
BRDA:107,24,0,6
BRDA:113,25,0,178
BRDA:119,26,0,178
BRDA:129,27,0,180
BRF:28
BRH:28
end_of_record
TN:
SF:src/components/employee/employee-left-column.js
FN:6,<static_initializer>
FN:18,EmployeeLeftColumn
FN:23,formatDate
FN:29,formatPhoneNumber
FN:40,getTranslatedDepartment
FN:46,render
FNF:6
FNH:6
FNDA:8,<static_initializer>
FNDA:242,EmployeeLeftColumn
FNDA:270,formatDate
FNDA:274,formatPhoneNumber
FNDA:274,getTranslatedDepartment
FNDA:266,render
DA:1,8
DA:2,8
DA:3,8
DA:4,8
DA:5,8
DA:6,8
DA:7,8
DA:8,8
DA:9,8
DA:10,8
DA:11,8
DA:12,8
DA:13,8
DA:14,8
DA:15,8
DA:16,8
DA:17,8
DA:18,8
DA:19,242
DA:20,242
DA:21,242
DA:22,8
DA:23,8
DA:24,270
DA:25,144
DA:26,144
DA:27,270
DA:28,8
DA:29,8
DA:30,274
DA:31,150
DA:32,150
DA:33,150
DA:34,160
DA:35,148
DA:36,148
DA:37,2
DA:38,274
DA:39,8
DA:40,8
DA:41,274
DA:42,254
DA:43,254
DA:44,274
DA:45,8
DA:46,8
DA:47,266
DA:48,2
DA:49,2
DA:50,264
DA:51,264
DA:52,264
DA:53,264
DA:54,266
DA:55,266
DA:56,266
DA:57,266
DA:58,266
DA:59,266
DA:60,266
DA:61,266
DA:62,266
DA:63,266
DA:64,266
DA:65,266
DA:66,266
DA:67,266
DA:68,266
DA:69,266
DA:70,266
DA:71,266
DA:72,266
DA:73,8
DA:74,8
DA:75,8
LF:75
LH:75
BRDA:1,0,0,8
BRDA:6,1,0,8
BRDA:18,2,0,244
BRDA:23,3,0,272
BRDA:24,4,0,128
BRDA:25,5,0,146
BRDA:29,6,0,276
BRDA:30,7,0,126
BRDA:31,8,0,152
BRDA:34,9,0,150
BRDA:37,10,0,4
BRDA:40,11,0,276
BRDA:41,12,0,22
BRDA:42,13,0,256
BRDA:46,14,0,268
BRDA:47,15,0,4
BRDA:50,16,0,266
BRDA:54,17,0,10
BRDA:31,18,0,162
BRF:19
BRH:19
end_of_record
TN:
SF:src/components/employee/employee-right-column.js
FN:6,<static_initializer>
FN:18,EmployeeRightColumn
FN:23,formatDate
FN:29,getTranslatedPosition
FN:35,getPositionClass
FN:39,render
FNF:6
FNH:6
FNDA:8,<static_initializer>
FNDA:266,EmployeeRightColumn
FNDA:296,formatDate
FNDA:298,getTranslatedPosition
FNDA:10,getPositionClass
FNDA:288,render
DA:1,8
DA:2,8
DA:3,8
DA:4,8
DA:5,8
DA:6,8
DA:7,8
DA:8,8
DA:9,8
DA:10,8
DA:11,8
DA:12,8
DA:13,8
DA:14,8
DA:15,8
DA:16,8
DA:17,8
DA:18,8
DA:19,266
DA:20,266
DA:21,266
DA:22,8
DA:23,8
DA:24,296
DA:25,162
DA:26,162
DA:27,296
DA:28,8
DA:29,8
DA:30,298
DA:31,268
DA:32,268
DA:33,298
DA:34,8
DA:35,8
DA:36,10
DA:37,10
DA:38,8
DA:39,8
DA:40,288
DA:41,2
DA:42,2
DA:43,286
DA:44,286
DA:45,286
DA:46,286
DA:47,288
DA:48,288
DA:49,288
DA:50,288
DA:51,288
DA:52,288
DA:53,288
DA:54,288
DA:55,288
DA:56,288
DA:57,288
DA:58,288
DA:59,288
DA:60,288
DA:61,288
DA:62,288
DA:63,288
DA:64,288
DA:65,288
DA:66,8
DA:67,8
DA:68,8
LF:68
LH:68
BRDA:1,0,0,8
BRDA:6,1,0,8
BRDA:18,2,0,268
BRDA:23,3,0,298
BRDA:24,4,0,136
BRDA:25,5,0,164
BRDA:29,6,0,300
BRDA:30,7,0,32
BRDA:31,8,0,270
BRDA:35,9,0,16
BRDA:36,10,0,10
BRDA:36,11,0,12
BRDA:39,12,0,290
BRDA:40,13,0,4
BRDA:43,14,0,288
BRDA:47,15,0,20
BRDA:57,16,0,136
BRF:17
BRH:17
end_of_record
TN:
SF:src/components/forms/form-date-input.js
FN:5,<static_initializer>
FN:101,FormDateInput
FN:110,handleInput
FN:119,render
FNF:4
FNH:4
FNDA:10,<static_initializer>
FNDA:372,FormDateInput
FNDA:16,handleInput
FNDA:412,render
DA:1,10
DA:2,10
DA:3,10
DA:4,10
DA:5,10
DA:6,10
DA:7,10
DA:8,10
DA:9,10
DA:10,10
DA:11,10
DA:12,10
DA:13,10
DA:14,10
DA:15,10
DA:16,10
DA:17,10
DA:18,10
DA:19,10
DA:20,10
DA:21,10
DA:22,10
DA:23,10
DA:24,10
DA:25,10
DA:26,10
DA:27,10
DA:28,10
DA:29,10
DA:30,10
DA:31,10
DA:32,10
DA:33,10
DA:34,10
DA:35,10
DA:36,10
DA:37,10
DA:38,10
DA:39,10
DA:40,10
DA:41,10
DA:42,10
DA:43,10
DA:44,10
DA:45,10
DA:46,10
DA:47,10
DA:48,10
DA:49,10
DA:50,10
DA:51,10
DA:52,10
DA:53,10
DA:54,10
DA:55,10
DA:56,10
DA:57,10
DA:58,10
DA:59,10
DA:60,10
DA:61,10
DA:62,10
DA:63,10
DA:64,10
DA:65,10
DA:66,10
DA:67,10
DA:68,10
DA:69,10
DA:70,10
DA:71,10
DA:72,10
DA:73,10
DA:74,10
DA:75,10
DA:76,10
DA:77,10
DA:78,10
DA:79,10
DA:80,10
DA:81,10
DA:82,10
DA:83,10
DA:84,10
DA:85,10
DA:86,10
DA:87,10
DA:88,10
DA:89,10
DA:90,10
DA:91,10
DA:92,10
DA:93,10
DA:94,10
DA:95,10
DA:96,10
DA:97,10
DA:98,10
DA:99,10
DA:100,10
DA:101,10
DA:102,372
DA:103,372
DA:104,372
DA:105,372
DA:106,372
DA:107,372
DA:108,372
DA:109,10
DA:110,10
DA:111,16
DA:112,16
DA:113,16
DA:114,16
DA:115,16
DA:116,16
DA:117,16
DA:118,10
DA:119,10
DA:120,412
DA:121,412
DA:122,412
DA:123,412
DA:124,412
DA:125,412
DA:126,412
DA:127,412
DA:128,412
DA:129,412
DA:130,412
DA:131,412
DA:132,412
DA:133,10
DA:134,10
DA:135,10
LF:135
LH:135
BRDA:1,0,0,10
BRDA:5,1,0,10
BRDA:101,2,0,374
BRDA:119,3,0,414
BRDA:122,4,0,106
BRDA:129,5,0,14
BRDA:110,6,0,24
BRDA:122,7,0,310
BRDA:126,8,0,388
BRDA:129,9,0,402
BRF:10
BRH:10
end_of_record
TN:
SF:src/components/forms/form-select.js
FN:5,<static_initializer>
FN:86,FormSelect
FN:97,handleChange
FN:106,render
FNF:4
FNH:4
FNDA:10,<static_initializer>
FNDA:320,FormSelect
FNDA:4,handleChange
FNDA:352,render
DA:1,10
DA:2,10
DA:3,10
DA:4,10
DA:5,10
DA:6,10
DA:7,10
DA:8,10
DA:9,10
DA:10,10
DA:11,10
DA:12,10
DA:13,10
DA:14,10
DA:15,10
DA:16,10
DA:17,10
DA:18,10
DA:19,10
DA:20,10
DA:21,10
DA:22,10
DA:23,10
DA:24,10
DA:25,10
DA:26,10
DA:27,10
DA:28,10
DA:29,10
DA:30,10
DA:31,10
DA:32,10
DA:33,10
DA:34,10
DA:35,10
DA:36,10
DA:37,10
DA:38,10
DA:39,10
DA:40,10
DA:41,10
DA:42,10
DA:43,10
DA:44,10
DA:45,10
DA:46,10
DA:47,10
DA:48,10
DA:49,10
DA:50,10
DA:51,10
DA:52,10
DA:53,10
DA:54,10
DA:55,10
DA:56,10
DA:57,10
DA:58,10
DA:59,10
DA:60,10
DA:61,10
DA:62,10
DA:63,10
DA:64,10
DA:65,10
DA:66,10
DA:67,10
DA:68,10
DA:69,10
DA:70,10
DA:71,10
DA:72,10
DA:73,10
DA:74,10
DA:75,10
DA:76,10
DA:77,10
DA:78,10
DA:79,10
DA:80,10
DA:81,10
DA:82,10
DA:83,10
DA:84,10
DA:85,10
DA:86,10
DA:87,320
DA:88,320
DA:89,320
DA:90,320
DA:91,320
DA:92,320
DA:93,320
DA:94,320
DA:95,320
DA:96,10
DA:97,10
DA:98,4
DA:99,4
DA:100,4
DA:101,4
DA:102,4
DA:103,4
DA:104,4
DA:105,10
DA:106,10
DA:107,352
DA:108,352
DA:109,352
DA:110,352
DA:111,352
DA:112,352
DA:113,352
DA:114,352
DA:115,352
DA:116,352
DA:117,814
DA:118,814
DA:119,814
DA:120,352
DA:121,352
DA:122,352
DA:123,352
DA:124,352
DA:125,352
DA:126,10
DA:127,10
DA:128,10
LF:128
LH:128
BRDA:1,0,0,10
BRDA:5,1,0,10
BRDA:86,2,0,322
BRDA:106,3,0,354
BRDA:109,4,0,32
BRDA:115,5,0,32
BRDA:122,6,0,4
BRDA:116,7,0,816
BRDA:112,8,0,342
BRDA:97,9,0,12
BRDA:109,10,0,324
BRDA:115,11,0,324
BRDA:122,12,0,352
BRF:13
BRH:13
end_of_record
TN:
SF:src/components/forms/form-text-input.js
FN:5,<static_initializer>
FN:77,FormTextInput
FN:88,handleInput
FN:97,render
FNF:4
FNH:4
FNDA:10,<static_initializer>
FNDA:622,FormTextInput
FNDA:4,handleInput
FNDA:662,render
DA:1,10
DA:2,10
DA:3,10
DA:4,10
DA:5,10
DA:6,10
DA:7,10
DA:8,10
DA:9,10
DA:10,10
DA:11,10
DA:12,10
DA:13,10
DA:14,10
DA:15,10
DA:16,10
DA:17,10
DA:18,10
DA:19,10
DA:20,10
DA:21,10
DA:22,10
DA:23,10
DA:24,10
DA:25,10
DA:26,10
DA:27,10
DA:28,10
DA:29,10
DA:30,10
DA:31,10
DA:32,10
DA:33,10
DA:34,10
DA:35,10
DA:36,10
DA:37,10
DA:38,10
DA:39,10
DA:40,10
DA:41,10
DA:42,10
DA:43,10
DA:44,10
DA:45,10
DA:46,10
DA:47,10
DA:48,10
DA:49,10
DA:50,10
DA:51,10
DA:52,10
DA:53,10
DA:54,10
DA:55,10
DA:56,10
DA:57,10
DA:58,10
DA:59,10
DA:60,10
DA:61,10
DA:62,10
DA:63,10
DA:64,10
DA:65,10
DA:66,10
DA:67,10
DA:68,10
DA:69,10
DA:70,10
DA:71,10
DA:72,10
DA:73,10
DA:74,10
DA:75,10
DA:76,10
DA:77,10
DA:78,622
DA:79,622
DA:80,622
DA:81,622
DA:82,622
DA:83,622
DA:84,622
DA:85,622
DA:86,622
DA:87,10
DA:88,10
DA:89,4
DA:90,4
DA:91,4
DA:92,4
DA:93,4
DA:94,4
DA:95,4
DA:96,10
DA:97,10
DA:98,662
DA:99,662
DA:100,662
DA:101,662
DA:102,662
DA:103,662
DA:104,662
DA:105,662
DA:106,662
DA:107,662
DA:108,662
DA:109,662
DA:110,662
DA:111,662
DA:112,10
DA:113,10
DA:114,10
LF:114
LH:114
BRDA:1,0,0,10
BRDA:5,1,0,10
BRDA:77,2,0,624
BRDA:97,3,0,664
BRDA:100,4,0,38
BRDA:108,5,0,14
BRDA:104,6,0,624
BRDA:108,7,0,652
BRDA:88,8,0,12
BRDA:100,9,0,628
BRF:10
BRH:10
end_of_record
TN:
SF:src/components/list/employee-list-controls.js
FN:5,<static_initializer>
FN:111,EmployeeListControls
FN:116,handleSearchInput
FN:123,handleClearSearch
FN:130,render
FNF:5
FNH:5
FNDA:4,<static_initializer>
FNDA:78,EmployeeListControls
FNDA:10,handleSearchInput
FNDA:2,handleClearSearch
FNDA:84,render
DA:1,4
DA:2,4
DA:3,4
DA:4,4
DA:5,4
DA:6,4
DA:7,4
DA:8,4
DA:9,4
DA:10,4
DA:11,4
DA:12,4
DA:13,4
DA:14,4
DA:15,4
DA:16,4
DA:17,4
DA:18,4
DA:19,4
DA:20,4
DA:21,4
DA:22,4
DA:23,4
DA:24,4
DA:25,4
DA:26,4
DA:27,4
DA:28,4
DA:29,4
DA:30,4
DA:31,4
DA:32,4
DA:33,4
DA:34,4
DA:35,4
DA:36,4
DA:37,4
DA:38,4
DA:39,4
DA:40,4
DA:41,4
DA:42,4
DA:43,4
DA:44,4
DA:45,4
DA:46,4
DA:47,4
DA:48,4
DA:49,4
DA:50,4
DA:51,4
DA:52,4
DA:53,4
DA:54,4
DA:55,4
DA:56,4
DA:57,4
DA:58,4
DA:59,4
DA:60,4
DA:61,4
DA:62,4
DA:63,4
DA:64,4
DA:65,4
DA:66,4
DA:67,4
DA:68,4
DA:69,4
DA:70,4
DA:71,4
DA:72,4
DA:73,4
DA:74,4
DA:75,4
DA:76,4
DA:77,4
DA:78,4
DA:79,4
DA:80,4
DA:81,4
DA:82,4
DA:83,4
DA:84,4
DA:85,4
DA:86,4
DA:87,4
DA:88,4
DA:89,4
DA:90,4
DA:91,4
DA:92,4
DA:93,4
DA:94,4
DA:95,4
DA:96,4
DA:97,4
DA:98,4
DA:99,4
DA:100,4
DA:101,4
DA:102,4
DA:103,4
DA:104,4
DA:105,4
DA:106,4
DA:107,4
DA:108,4
DA:109,4
DA:110,4
DA:111,4
DA:112,78
DA:113,78
DA:114,78
DA:115,4
DA:116,4
DA:117,10
DA:118,10
DA:119,10
DA:120,10
DA:121,10
DA:122,4
DA:123,4
DA:124,2
DA:125,2
DA:126,2
DA:127,2
DA:128,2
DA:129,4
DA:130,4
DA:131,84
DA:132,84
DA:133,84
DA:134,84
DA:135,84
DA:136,84
DA:137,84
DA:138,84
DA:139,84
DA:140,84
DA:141,84
DA:142,84
DA:143,84
DA:144,84
DA:145,84
DA:146,84
DA:147,84
DA:148,84
DA:149,84
DA:150,84
DA:151,84
DA:152,4
DA:153,4
DA:154,4
LF:154
LH:154
BRDA:1,0,0,4
BRDA:5,1,0,4
BRDA:111,2,0,78
BRDA:130,3,0,84
BRDA:116,4,0,12
BRDA:123,5,0,4
BRF:6
BRH:6
end_of_record
TN:
SF:src/components/list/employee-list-header.js
FN:5,<static_initializer>
FN:128,EmployeeListHeader
FN:133,handleViewModeChange
FN:140,render
FNF:4
FNH:4
FNDA:4,<static_initializer>
FNDA:80,EmployeeListHeader
FNDA:10,handleViewModeChange
FNDA:86,render
DA:1,4
DA:2,4
DA:3,4
DA:4,4
DA:5,4
DA:6,4
DA:7,4
DA:8,4
DA:9,4
DA:10,4
DA:11,4
DA:12,4
DA:13,4
DA:14,4
DA:15,4
DA:16,4
DA:17,4
DA:18,4
DA:19,4
DA:20,4
DA:21,4
DA:22,4
DA:23,4
DA:24,4
DA:25,4
DA:26,4
DA:27,4
DA:28,4
DA:29,4
DA:30,4
DA:31,4
DA:32,4
DA:33,4
DA:34,4
DA:35,4
DA:36,4
DA:37,4
DA:38,4
DA:39,4
DA:40,4
DA:41,4
DA:42,4
DA:43,4
DA:44,4
DA:45,4
DA:46,4
DA:47,4
DA:48,4
DA:49,4
DA:50,4
DA:51,4
DA:52,4
DA:53,4
DA:54,4
DA:55,4
DA:56,4
DA:57,4
DA:58,4
DA:59,4
DA:60,4
DA:61,4
DA:62,4
DA:63,4
DA:64,4
DA:65,4
DA:66,4
DA:67,4
DA:68,4
DA:69,4
DA:70,4
DA:71,4
DA:72,4
DA:73,4
DA:74,4
DA:75,4
DA:76,4
DA:77,4
DA:78,4
DA:79,4
DA:80,4
DA:81,4
DA:82,4
DA:83,4
DA:84,4
DA:85,4
DA:86,4
DA:87,4
DA:88,4
DA:89,4
DA:90,4
DA:91,4
DA:92,4
DA:93,4
DA:94,4
DA:95,4
DA:96,4
DA:97,4
DA:98,4
DA:99,4
DA:100,4
DA:101,4
DA:102,4
DA:103,4
DA:104,4
DA:105,4
DA:106,4
DA:107,4
DA:108,4
DA:109,4
DA:110,4
DA:111,4
DA:112,4
DA:113,4
DA:114,4
DA:115,4
DA:116,4
DA:117,4
DA:118,4
DA:119,4
DA:120,4
DA:121,4
DA:122,4
DA:123,4
DA:124,4
DA:125,4
DA:126,4
DA:127,4
DA:128,4
DA:129,80
DA:130,80
DA:131,80
DA:132,4
DA:133,4
DA:134,10
DA:135,10
DA:136,10
DA:137,10
DA:138,10
DA:139,4
DA:140,4
DA:141,86
DA:142,86
DA:143,86
DA:144,86
DA:145,86
DA:146,86
DA:147,86
DA:148,86
DA:149,86
DA:150,86
DA:151,86
DA:152,86
DA:153,86
DA:154,86
DA:155,86
DA:156,86
DA:157,86
DA:158,86
DA:159,86
DA:160,86
DA:161,86
DA:162,86
DA:163,86
DA:164,86
DA:165,86
DA:166,86
DA:167,86
DA:168,86
DA:169,4
DA:170,4
DA:171,4
LF:171
LH:171
BRDA:1,0,0,4
BRDA:5,1,0,4
BRDA:128,2,0,80
BRDA:140,3,0,86
BRDA:148,4,0,6
BRDA:157,5,0,4
BRDA:133,6,0,12
BRDA:148,7,0,80
BRDA:157,8,0,82
BRDA:149,9,0,58
BRDA:158,10,0,56
BRF:11
BRH:11
end_of_record
TN:
SF:src/components/list/employee-list-item.js
FN:8,<static_initializer>
FN:114,EmployeeListItem
FN:119,handleEdit
FN:123,handleDelete
FN:131,render
FNF:5
FNH:5
FNDA:6,<static_initializer>
FNDA:196,EmployeeListItem
FNDA:4,handleEdit
FNDA:4,handleDelete
FNDA:216,render
DA:1,6
DA:2,6
DA:3,6
DA:4,6
DA:5,6
DA:6,6
DA:7,6
DA:8,6
DA:9,6
DA:10,6
DA:11,6
DA:12,6
DA:13,6
DA:14,6
DA:15,6
DA:16,6
DA:17,6
DA:18,6
DA:19,6
DA:20,6
DA:21,6
DA:22,6
DA:23,6
DA:24,6
DA:25,6
DA:26,6
DA:27,6
DA:28,6
DA:29,6
DA:30,6
DA:31,6
DA:32,6
DA:33,6
DA:34,6
DA:35,6
DA:36,6
DA:37,6
DA:38,6
DA:39,6
DA:40,6
DA:41,6
DA:42,6
DA:43,6
DA:44,6
DA:45,6
DA:46,6
DA:47,6
DA:48,6
DA:49,6
DA:50,6
DA:51,6
DA:52,6
DA:53,6
DA:54,6
DA:55,6
DA:56,6
DA:57,6
DA:58,6
DA:59,6
DA:60,6
DA:61,6
DA:62,6
DA:63,6
DA:64,6
DA:65,6
DA:66,6
DA:67,6
DA:68,6
DA:69,6
DA:70,6
DA:71,6
DA:72,6
DA:73,6
DA:74,6
DA:75,6
DA:76,6
DA:77,6
DA:78,6
DA:79,6
DA:80,6
DA:81,6
DA:82,6
DA:83,6
DA:84,6
DA:85,6
DA:86,6
DA:87,6
DA:88,6
DA:89,6
DA:90,6
DA:91,6
DA:92,6
DA:93,6
DA:94,6
DA:95,6
DA:96,6
DA:97,6
DA:98,6
DA:99,6
DA:100,6
DA:101,6
DA:102,6
DA:103,6
DA:104,6
DA:105,6
DA:106,6
DA:107,6
DA:108,6
DA:109,6
DA:110,6
DA:111,6
DA:112,6
DA:113,6
DA:114,6
DA:115,196
DA:116,196
DA:117,196
DA:118,6
DA:119,6
DA:120,4
DA:121,4
DA:122,6
DA:123,6
DA:124,4
DA:125,4
DA:126,4
DA:127,4
DA:128,4
DA:129,4
DA:130,6
DA:131,6
DA:132,216
DA:133,2
DA:134,2
DA:135,214
DA:136,214
DA:137,214
DA:138,214
DA:139,214
DA:140,214
DA:141,214
DA:142,214
DA:143,214
DA:144,214
DA:145,214
DA:146,214
DA:147,214
DA:148,214
DA:149,214
DA:150,214
DA:151,214
DA:152,214
DA:153,214
DA:154,214
DA:155,214
DA:156,214
DA:157,214
DA:158,214
DA:159,214
DA:160,214
DA:161,214
DA:162,214
DA:163,214
DA:164,216
DA:165,6
DA:166,6
DA:167,6
LF:167
LH:167
BRDA:1,0,0,6
BRDA:8,1,0,6
BRDA:114,2,0,198
BRDA:119,3,0,8
BRDA:123,4,0,8
BRDA:131,5,0,218
BRDA:132,6,0,4
BRDA:135,7,0,216
BRF:8
BRH:8
end_of_record
TN:
SF:src/components/list/employee-list-modals.js
FN:6,<static_initializer>
FN:21,EmployeeListModals
FN:31,handleDeleteConfirm
FN:38,handleDeleteCancel
FN:45,handleEditConfirm
FN:52,handleEditCancel
FN:59,handleBulkDeleteConfirm
FN:66,handleBulkDeleteCancel
FN:73,render
FNF:9
FNH:9
FNDA:4,<static_initializer>
FNDA:86,EmployeeListModals
FNDA:4,handleDeleteConfirm
FNDA:2,handleDeleteCancel
FNDA:2,handleEditConfirm
FNDA:4,handleEditCancel
FNDA:2,handleBulkDeleteConfirm
FNDA:2,handleBulkDeleteCancel
FNDA:110,render
DA:1,4
DA:2,4
DA:3,4
DA:4,4
DA:5,4
DA:6,4
DA:7,4
DA:8,4
DA:9,4
DA:10,4
DA:11,4
DA:12,4
DA:13,4
DA:14,4
DA:15,4
DA:16,4
DA:17,4
DA:18,4
DA:19,4
DA:20,4
DA:21,4
DA:22,86
DA:23,86
DA:24,86
DA:25,86
DA:26,86
DA:27,86
DA:28,86
DA:29,86
DA:30,4
DA:31,4
DA:32,4
DA:33,4
DA:34,4
DA:35,4
DA:36,4
DA:37,4
DA:38,4
DA:39,2
DA:40,2
DA:41,2
DA:42,2
DA:43,2
DA:44,4
DA:45,4
DA:46,2
DA:47,2
DA:48,2
DA:49,2
DA:50,2
DA:51,4
DA:52,4
DA:53,4
DA:54,4
DA:55,4
DA:56,4
DA:57,4
DA:58,4
DA:59,4
DA:60,2
DA:61,2
DA:62,2
DA:63,2
DA:64,2
DA:65,4
DA:66,4
DA:67,2
DA:68,2
DA:69,2
DA:70,2
DA:71,2
DA:72,4
DA:73,4
DA:74,110
DA:75,110
DA:76,110
DA:77,110
DA:78,110
DA:79,10
DA:80,110
DA:81,110
DA:82,110
DA:83,110
DA:84,110
DA:85,110
DA:86,110
DA:87,110
DA:88,110
DA:89,110
DA:90,110
DA:91,4
DA:92,110
DA:93,110
DA:94,110
DA:95,110
DA:96,110
DA:97,110
DA:98,110
DA:99,110
DA:100,110
DA:101,110
DA:102,110
DA:103,4
DA:104,110
DA:105,110
DA:106,110
DA:107,110
DA:108,110
DA:109,110
DA:110,110
DA:111,110
DA:112,4
DA:113,4
DA:114,4
LF:114
LH:114
BRDA:1,0,0,4
BRDA:6,1,0,4
BRDA:21,2,0,86
BRDA:73,3,0,110
BRDA:78,4,0,10
BRDA:90,5,0,4
BRDA:102,6,0,4
BRDA:31,7,0,6
BRDA:38,8,0,4
BRDA:45,9,0,4
BRDA:52,10,0,6
BRDA:59,11,0,4
BRDA:66,12,0,4
BRDA:80,13,0,100
BRDA:92,14,0,106
BRDA:104,15,0,106
BRF:16
BRH:16
end_of_record
TN:
SF:src/components/list/employee-list-pagination.js
FN:5,<static_initializer>
FN:141,EmployeeListPagination
FN:147,handlePageChange
FN:154,getVisiblePageNumbers
FN:196,render
FNF:5
FNH:5
FNDA:4,<static_initializer>
FNDA:88,EmployeeListPagination
FNDA:6,handlePageChange
FNDA:84,getVisiblePageNumbers
FNDA:122,render
DA:1,4
DA:2,4
DA:3,4
DA:4,4
DA:5,4
DA:6,4
DA:7,4
DA:8,4
DA:9,4
DA:10,4
DA:11,4
DA:12,4
DA:13,4
DA:14,4
DA:15,4
DA:16,4
DA:17,4
DA:18,4
DA:19,4
DA:20,4
DA:21,4
DA:22,4
DA:23,4
DA:24,4
DA:25,4
DA:26,4
DA:27,4
DA:28,4
DA:29,4
DA:30,4
DA:31,4
DA:32,4
DA:33,4
DA:34,4
DA:35,4
DA:36,4
DA:37,4
DA:38,4
DA:39,4
DA:40,4
DA:41,4
DA:42,4
DA:43,4
DA:44,4
DA:45,4
DA:46,4
DA:47,4
DA:48,4
DA:49,4
DA:50,4
DA:51,4
DA:52,4
DA:53,4
DA:54,4
DA:55,4
DA:56,4
DA:57,4
DA:58,4
DA:59,4
DA:60,4
DA:61,4
DA:62,4
DA:63,4
DA:64,4
DA:65,4
DA:66,4
DA:67,4
DA:68,4
DA:69,4
DA:70,4
DA:71,4
DA:72,4
DA:73,4
DA:74,4
DA:75,4
DA:76,4
DA:77,4
DA:78,4
DA:79,4
DA:80,4
DA:81,4
DA:82,4
DA:83,4
DA:84,4
DA:85,4
DA:86,4
DA:87,4
DA:88,4
DA:89,4
DA:90,4
DA:91,4
DA:92,4
DA:93,4
DA:94,4
DA:95,4
DA:96,4
DA:97,4
DA:98,4
DA:99,4
DA:100,4
DA:101,4
DA:102,4
DA:103,4
DA:104,4
DA:105,4
DA:106,4
DA:107,4
DA:108,4
DA:109,4
DA:110,4
DA:111,4
DA:112,4
DA:113,4
DA:114,4
DA:115,4
DA:116,4
DA:117,4
DA:118,4
DA:119,4
DA:120,4
DA:121,4
DA:122,4
DA:123,4
DA:124,4
DA:125,4
DA:126,4
DA:127,4
DA:128,4
DA:129,4
DA:130,4
DA:131,4
DA:132,4
DA:133,4
DA:134,4
DA:135,4
DA:136,4
DA:137,4
DA:138,4
DA:139,4
DA:140,4
DA:141,4
DA:142,88
DA:143,88
DA:144,88
DA:145,88
DA:146,4
DA:147,4
DA:148,6
DA:149,6
DA:150,6
DA:151,6
DA:152,6
DA:153,4
DA:154,4
DA:155,84
DA:156,84
DA:157,84
DA:158,84
DA:159,78
DA:160,78
DA:161,280
DA:162,280
DA:163,84
DA:164,6
DA:165,6
DA:166,6
DA:167,6
DA:168,6
DA:169,6
DA:170,4
DA:171,4
DA:172,6
DA:173,6
DA:174,6
DA:175,4
DA:176,4
DA:177,6
DA:178,6
DA:179,6
DA:180,6
DA:181,4
DA:182,0
DA:183,4
DA:184,0
DA:185,0
DA:186,4
DA:187,6
DA:188,6
DA:189,14
DA:190,14
DA:191,6
DA:192,84
DA:193,84
DA:194,84
DA:195,4
DA:196,4
DA:197,122
DA:198,38
DA:199,38
DA:200,84
DA:201,84
DA:202,84
DA:203,84
DA:204,84
DA:205,84
DA:206,84
DA:207,84
DA:208,84
DA:209,84
DA:210,84
DA:211,84
DA:212,84
DA:213,84
DA:214,84
DA:215,84
DA:216,122
DA:217,4
DA:218,4
DA:219,4
DA:220,4
DA:221,4
DA:222,4
DA:223,4
DA:224,122
DA:225,122
DA:226,122
DA:227,294
DA:228,294
DA:229,294
DA:230,294
DA:231,294
DA:232,294
DA:233,122
DA:234,122
DA:235,122
DA:236,4
DA:237,4
DA:238,4
DA:239,4
DA:240,4
DA:241,4
DA:242,4
DA:243,122
DA:244,122
DA:245,122
DA:246,122
DA:247,122
DA:248,122
DA:249,122
DA:250,122
DA:251,122
DA:252,122
DA:253,122
DA:254,122
DA:255,122
DA:256,122
DA:257,122
DA:258,4
DA:259,4
DA:260,4
LF:260
LH:257
BRDA:1,0,0,4
BRDA:5,1,0,4
BRDA:141,2,0,88
BRDA:154,3,0,84
BRDA:160,4,0,280
BRDA:163,5,0,6
BRDA:196,6,0,122
BRDA:197,7,0,38
BRDA:216,8,0,6
BRDA:216,9,0,4
BRDA:235,10,0,6
BRDA:235,11,0,4
BRDA:226,12,0,294
BRDA:228,13,0,84
BRDA:228,14,0,210
BRDA:147,15,0,8
BRDA:158,16,0,78
BRDA:169,17,0,4
BRDA:174,18,0,4
BRDA:180,19,0,4
BRDA:181,20,0,0
BRDA:183,21,0,0
BRDA:188,22,0,14
BRDA:200,23,0,84
BRDA:224,24,0,80
BRDA:243,25,0,80
BRDA:207,26,0,54
BRDA:229,27,0,158
BRDA:247,28,0,54
BRF:29
BRH:27
end_of_record
TN:
SF:src/components/list/employee-list-results-info.js
FN:5,<static_initializer>
FN:87,EmployeeListResultsInfo
FN:96,handlePageSizeChange
FN:103,render
FNF:4
FNH:4
FNDA:4,<static_initializer>
FNDA:84,EmployeeListResultsInfo
FNDA:8,handlePageSizeChange
FNDA:114,render
DA:1,4
DA:2,4
DA:3,4
DA:4,4
DA:5,4
DA:6,4
DA:7,4
DA:8,4
DA:9,4
DA:10,4
DA:11,4
DA:12,4
DA:13,4
DA:14,4
DA:15,4
DA:16,4
DA:17,4
DA:18,4
DA:19,4
DA:20,4
DA:21,4
DA:22,4
DA:23,4
DA:24,4
DA:25,4
DA:26,4
DA:27,4
DA:28,4
DA:29,4
DA:30,4
DA:31,4
DA:32,4
DA:33,4
DA:34,4
DA:35,4
DA:36,4
DA:37,4
DA:38,4
DA:39,4
DA:40,4
DA:41,4
DA:42,4
DA:43,4
DA:44,4
DA:45,4
DA:46,4
DA:47,4
DA:48,4
DA:49,4
DA:50,4
DA:51,4
DA:52,4
DA:53,4
DA:54,4
DA:55,4
DA:56,4
DA:57,4
DA:58,4
DA:59,4
DA:60,4
DA:61,4
DA:62,4
DA:63,4
DA:64,4
DA:65,4
DA:66,4
DA:67,4
DA:68,4
DA:69,4
DA:70,4
DA:71,4
DA:72,4
DA:73,4
DA:74,4
DA:75,4
DA:76,4
DA:77,4
DA:78,4
DA:79,4
DA:80,4
DA:81,4
DA:82,4
DA:83,4
DA:84,4
DA:85,4
DA:86,4
DA:87,4
DA:88,84
DA:89,84
DA:90,84
DA:91,84
DA:92,84
DA:93,84
DA:94,84
DA:95,4
DA:96,4
DA:97,8
DA:98,8
DA:99,8
DA:100,8
DA:101,8
DA:102,4
DA:103,4
DA:104,114
DA:105,32
DA:106,32
DA:107,82
DA:108,82
DA:109,82
DA:110,82
DA:111,82
DA:112,82
DA:113,82
DA:114,82
DA:115,82
DA:116,82
DA:117,82
DA:118,82
DA:119,82
DA:120,82
DA:121,82
DA:122,82
DA:123,82
DA:124,82
DA:125,82
DA:126,82
DA:127,82
DA:128,82
DA:129,82
DA:130,82
DA:131,82
DA:132,82
DA:133,82
DA:134,114
DA:135,4
DA:136,4
DA:137,4
LF:137
LH:137
BRDA:1,0,0,4
BRDA:5,1,0,4
BRDA:87,2,0,84
BRDA:103,3,0,114
BRDA:104,4,0,32
BRDA:96,5,0,10
BRDA:107,6,0,82
BRF:7
BRH:7
end_of_record
TN:
SF:src/components/list/employee-list-view.js
FN:6,<static_initializer>
FN:49,EmployeeListView
FN:54,handleItemDelete
FN:64,handleItemEdit
FN:73,render
FNF:5
FNH:5
FNDA:4,<static_initializer>
FNDA:34,EmployeeListView
FNDA:2,handleItemDelete
FNDA:2,handleItemEdit
FNDA:82,render
DA:1,4
DA:2,4
DA:3,4
DA:4,4
DA:5,4
DA:6,4
DA:7,4
DA:8,4
DA:9,4
DA:10,4
DA:11,4
DA:12,4
DA:13,4
DA:14,4
DA:15,4
DA:16,4
DA:17,4
DA:18,4
DA:19,4
DA:20,4
DA:21,4
DA:22,4
DA:23,4
DA:24,4
DA:25,4
DA:26,4
DA:27,4
DA:28,4
DA:29,4
DA:30,4
DA:31,4
DA:32,4
DA:33,4
DA:34,4
DA:35,4
DA:36,4
DA:37,4
DA:38,4
DA:39,4
DA:40,4
DA:41,4
DA:42,4
DA:43,4
DA:44,4
DA:45,4
DA:46,4
DA:47,4
DA:48,4
DA:49,4
DA:50,34
DA:51,34
DA:52,34
DA:53,4
DA:54,4
DA:55,2
DA:56,2
DA:57,2
DA:58,2
DA:59,2
DA:60,2
DA:61,2
DA:62,2
DA:63,4
DA:64,4
DA:65,2
DA:66,2
DA:67,2
DA:68,2
DA:69,2
DA:70,2
DA:71,2
DA:72,4
DA:73,4
DA:74,82
DA:75,42
DA:76,42
DA:77,42
DA:78,42
DA:79,42
DA:80,42
DA:81,40
DA:82,40
DA:83,40
DA:84,40
DA:85,174
DA:86,40
DA:87,40
DA:88,40
DA:89,82
DA:90,4
DA:91,4
DA:92,4
LF:92
LH:92
BRDA:1,0,0,4
BRDA:6,1,0,4
BRDA:49,2,0,36
BRDA:54,3,0,4
BRDA:64,4,0,4
BRDA:73,5,0,84
BRDA:74,6,0,44
BRDA:81,7,0,42
BRDA:84,8,0,176
BRF:9
BRH:9
end_of_record
TN:
SF:src/components/list/employee-table-row.js
FN:6,<static_initializer>
FN:209,EmployeeTableRow
FN:215,handleEdit
FN:219,handleDelete
FN:227,handleSelect
FN:237,formatDate
FN:243,formatPhoneNumber
FN:254,getTranslatedDepartment
FN:260,getTranslatedPosition
FN:266,render
FNF:10
FNH:10
FNDA:6,<static_initializer>
FNDA:624,EmployeeTableRow
FNDA:2,handleEdit
FNDA:2,handleDelete
FNDA:2,handleSelect
FNDA:1304,formatDate
FNDA:652,formatPhoneNumber
FNDA:652,getTranslatedDepartment
FNDA:652,getTranslatedPosition
FNDA:654,render
DA:1,6
DA:2,6
DA:3,6
DA:4,6
DA:5,6
DA:6,6
DA:7,6
DA:8,6
DA:9,6
DA:10,6
DA:11,6
DA:12,6
DA:13,6
DA:14,6
DA:15,6
DA:16,6
DA:17,6
DA:18,6
DA:19,6
DA:20,6
DA:21,6
DA:22,6
DA:23,6
DA:24,6
DA:25,6
DA:26,6
DA:27,6
DA:28,6
DA:29,6
DA:30,6
DA:31,6
DA:32,6
DA:33,6
DA:34,6
DA:35,6
DA:36,6
DA:37,6
DA:38,6
DA:39,6
DA:40,6
DA:41,6
DA:42,6
DA:43,6
DA:44,6
DA:45,6
DA:46,6
DA:47,6
DA:48,6
DA:49,6
DA:50,6
DA:51,6
DA:52,6
DA:53,6
DA:54,6
DA:55,6
DA:56,6
DA:57,6
DA:58,6
DA:59,6
DA:60,6
DA:61,6
DA:62,6
DA:63,6
DA:64,6
DA:65,6
DA:66,6
DA:67,6
DA:68,6
DA:69,6
DA:70,6
DA:71,6
DA:72,6
DA:73,6
DA:74,6
DA:75,6
DA:76,6
DA:77,6
DA:78,6
DA:79,6
DA:80,6
DA:81,6
DA:82,6
DA:83,6
DA:84,6
DA:85,6
DA:86,6
DA:87,6
DA:88,6
DA:89,6
DA:90,6
DA:91,6
DA:92,6
DA:93,6
DA:94,6
DA:95,6
DA:96,6
DA:97,6
DA:98,6
DA:99,6
DA:100,6
DA:101,6
DA:102,6
DA:103,6
DA:104,6
DA:105,6
DA:106,6
DA:107,6
DA:108,6
DA:109,6
DA:110,6
DA:111,6
DA:112,6
DA:113,6
DA:114,6
DA:115,6
DA:116,6
DA:117,6
DA:118,6
DA:119,6
DA:120,6
DA:121,6
DA:122,6
DA:123,6
DA:124,6
DA:125,6
DA:126,6
DA:127,6
DA:128,6
DA:129,6
DA:130,6
DA:131,6
DA:132,6
DA:133,6
DA:134,6
DA:135,6
DA:136,6
DA:137,6
DA:138,6
DA:139,6
DA:140,6
DA:141,6
DA:142,6
DA:143,6
DA:144,6
DA:145,6
DA:146,6
DA:147,6
DA:148,6
DA:149,6
DA:150,6
DA:151,6
DA:152,6
DA:153,6
DA:154,6
DA:155,6
DA:156,6
DA:157,6
DA:158,6
DA:159,6
DA:160,6
DA:161,6
DA:162,6
DA:163,6
DA:164,6
DA:165,6
DA:166,6
DA:167,6
DA:168,6
DA:169,6
DA:170,6
DA:171,6
DA:172,6
DA:173,6
DA:174,6
DA:175,6
DA:176,6
DA:177,6
DA:178,6
DA:179,6
DA:180,6
DA:181,6
DA:182,6
DA:183,6
DA:184,6
DA:185,6
DA:186,6
DA:187,6
DA:188,6
DA:189,6
DA:190,6
DA:191,6
DA:192,6
DA:193,6
DA:194,6
DA:195,6
DA:196,6
DA:197,6
DA:198,6
DA:199,6
DA:200,6
DA:201,6
DA:202,6
DA:203,6
DA:204,6
DA:205,6
DA:206,6
DA:207,6
DA:208,6
DA:209,6
DA:210,624
DA:211,624
DA:212,624
DA:213,624
DA:214,6
DA:215,6
DA:216,2
DA:217,2
DA:218,6
DA:219,6
DA:220,2
DA:221,2
DA:222,2
DA:223,2
DA:224,2
DA:225,2
DA:226,6
DA:227,6
DA:228,2
DA:229,2
DA:230,2
DA:231,2
DA:232,2
DA:233,2
DA:234,2
DA:235,2
DA:236,6
DA:237,6
DA:238,1304
DA:239,1300
DA:240,1300
DA:241,1304
DA:242,6
DA:243,6
DA:244,652
DA:245,648
DA:246,648
DA:247,648
DA:248,652
DA:249,646
DA:250,646
DA:251,2
DA:252,652
DA:253,6
DA:254,6
DA:255,652
DA:256,650
DA:257,650
DA:258,652
DA:259,6
DA:260,6
DA:261,652
DA:262,650
DA:263,650
DA:264,652
DA:265,6
DA:266,6
DA:267,654
DA:268,2
DA:269,2
DA:270,652
DA:271,652
DA:272,652
DA:273,652
DA:274,652
DA:275,652
DA:276,652
DA:277,652
DA:278,652
DA:279,652
DA:280,652
DA:281,652
DA:282,652
DA:283,654
DA:284,654
DA:285,654
DA:286,654
DA:287,654
DA:288,654
DA:289,654
DA:290,654
DA:291,654
DA:292,654
DA:293,654
DA:294,654
DA:295,654
DA:296,654
DA:297,654
DA:298,654
DA:299,654
DA:300,654
DA:301,654
DA:302,654
DA:303,654
DA:304,654
DA:305,654
DA:306,654
DA:307,6
DA:308,6
DA:309,6
LF:309
LH:309
BRDA:1,0,0,6
BRDA:6,1,0,6
BRDA:209,2,0,624
BRDA:237,3,0,1304
BRDA:238,4,0,4
BRDA:243,5,0,652
BRDA:244,6,0,4
BRDA:251,7,0,2
BRDA:254,8,0,652
BRDA:255,9,0,2
BRDA:260,10,0,652
BRDA:261,11,0,2
BRDA:266,12,0,654
BRDA:267,13,0,2
BRDA:283,14,0,2
BRDA:284,15,0,2
BRDA:288,16,0,2
BRDA:215,17,0,6
BRDA:219,18,0,6
BRDA:227,19,0,6
BRDA:239,20,0,1300
BRDA:245,21,0,648
BRDA:248,22,0,646
BRDA:256,23,0,650
BRDA:262,24,0,650
BRDA:270,25,0,652
BRF:26
BRH:26
end_of_record
TN:
SF:src/components/list/employee-table.js
FN:6,<static_initializer>
FN:313,EmployeeTable
FN:319,handleRowDelete
FN:329,handleRowEdit
FN:338,handleSelectAll
FN:347,handleRowSelect
FN:359,handleBulkDelete
FN:368,handleClearSelection
FN:374,clearSelection
FN:380,updated
FN:390,get isAllSelected
FN:394,get isIndeterminate
FN:398,render
FNF:13
FNH:12
FNDA:4,<static_initializer>
FNDA:88,EmployeeTable
FNDA:2,handleRowDelete
FNDA:2,handleRowEdit
FNDA:2,handleSelectAll
FNDA:4,handleRowSelect
FNDA:2,handleBulkDelete
FNDA:2,handleClearSelection
FNDA:0,clearSelection
FNDA:204,updated
FNDA:200,get isAllSelected
FNDA:198,get isIndeterminate
FNDA:204,render
DA:1,4
DA:2,4
DA:3,4
DA:4,4
DA:5,4
DA:6,4
DA:7,4
DA:8,4
DA:9,4
DA:10,4
DA:11,4
DA:12,4
DA:13,4
DA:14,4
DA:15,4
DA:16,4
DA:17,4
DA:18,4
DA:19,4
DA:20,4
DA:21,4
DA:22,4
DA:23,4
DA:24,4
DA:25,4
DA:26,4
DA:27,4
DA:28,4
DA:29,4
DA:30,4
DA:31,4
DA:32,4
DA:33,4
DA:34,4
DA:35,4
DA:36,4
DA:37,4
DA:38,4
DA:39,4
DA:40,4
DA:41,4
DA:42,4
DA:43,4
DA:44,4
DA:45,4
DA:46,4
DA:47,4
DA:48,4
DA:49,4
DA:50,4
DA:51,4
DA:52,4
DA:53,4
DA:54,4
DA:55,4
DA:56,4
DA:57,4
DA:58,4
DA:59,4
DA:60,4
DA:61,4
DA:62,4
DA:63,4
DA:64,4
DA:65,4
DA:66,4
DA:67,4
DA:68,4
DA:69,4
DA:70,4
DA:71,4
DA:72,4
DA:73,4
DA:74,4
DA:75,4
DA:76,4
DA:77,4
DA:78,4
DA:79,4
DA:80,4
DA:81,4
DA:82,4
DA:83,4
DA:84,4
DA:85,4
DA:86,4
DA:87,4
DA:88,4
DA:89,4
DA:90,4
DA:91,4
DA:92,4
DA:93,4
DA:94,4
DA:95,4
DA:96,4
DA:97,4
DA:98,4
DA:99,4
DA:100,4
DA:101,4
DA:102,4
DA:103,4
DA:104,4
DA:105,4
DA:106,4
DA:107,4
DA:108,4
DA:109,4
DA:110,4
DA:111,4
DA:112,4
DA:113,4
DA:114,4
DA:115,4
DA:116,4
DA:117,4
DA:118,4
DA:119,4
DA:120,4
DA:121,4
DA:122,4
DA:123,4
DA:124,4
DA:125,4
DA:126,4
DA:127,4
DA:128,4
DA:129,4
DA:130,4
DA:131,4
DA:132,4
DA:133,4
DA:134,4
DA:135,4
DA:136,4
DA:137,4
DA:138,4
DA:139,4
DA:140,4
DA:141,4
DA:142,4
DA:143,4
DA:144,4
DA:145,4
DA:146,4
DA:147,4
DA:148,4
DA:149,4
DA:150,4
DA:151,4
DA:152,4
DA:153,4
DA:154,4
DA:155,4
DA:156,4
DA:157,4
DA:158,4
DA:159,4
DA:160,4
DA:161,4
DA:162,4
DA:163,4
DA:164,4
DA:165,4
DA:166,4
DA:167,4
DA:168,4
DA:169,4
DA:170,4
DA:171,4
DA:172,4
DA:173,4
DA:174,4
DA:175,4
DA:176,4
DA:177,4
DA:178,4
DA:179,4
DA:180,4
DA:181,4
DA:182,4
DA:183,4
DA:184,4
DA:185,4
DA:186,4
DA:187,4
DA:188,4
DA:189,4
DA:190,4
DA:191,4
DA:192,4
DA:193,4
DA:194,4
DA:195,4
DA:196,4
DA:197,4
DA:198,4
DA:199,4
DA:200,4
DA:201,4
DA:202,4
DA:203,4
DA:204,4
DA:205,4
DA:206,4
DA:207,4
DA:208,4
DA:209,4
DA:210,4
DA:211,4
DA:212,4
DA:213,4
DA:214,4
DA:215,4
DA:216,4
DA:217,4
DA:218,4
DA:219,4
DA:220,4
DA:221,4
DA:222,4
DA:223,4
DA:224,4
DA:225,4
DA:226,4
DA:227,4
DA:228,4
DA:229,4
DA:230,4
DA:231,4
DA:232,4
DA:233,4
DA:234,4
DA:235,4
DA:236,4
DA:237,4
DA:238,4
DA:239,4
DA:240,4
DA:241,4
DA:242,4
DA:243,4
DA:244,4
DA:245,4
DA:246,4
DA:247,4
DA:248,4
DA:249,4
DA:250,4
DA:251,4
DA:252,4
DA:253,4
DA:254,4
DA:255,4
DA:256,4
DA:257,4
DA:258,4
DA:259,4
DA:260,4
DA:261,4
DA:262,4
DA:263,4
DA:264,4
DA:265,4
DA:266,4
DA:267,4
DA:268,4
DA:269,4
DA:270,4
DA:271,4
DA:272,4
DA:273,4
DA:274,4
DA:275,4
DA:276,4
DA:277,4
DA:278,4
DA:279,4
DA:280,4
DA:281,4
DA:282,4
DA:283,4
DA:284,4
DA:285,4
DA:286,4
DA:287,4
DA:288,4
DA:289,4
DA:290,4
DA:291,4
DA:292,4
DA:293,4
DA:294,4
DA:295,4
DA:296,4
DA:297,4
DA:298,4
DA:299,4
DA:300,4
DA:301,4
DA:302,4
DA:303,4
DA:304,4
DA:305,4
DA:306,4
DA:307,4
DA:308,4
DA:309,4
DA:310,4
DA:311,4
DA:312,4
DA:313,4
DA:314,88
DA:315,88
DA:316,88
DA:317,88
DA:318,4
DA:319,4
DA:320,2
DA:321,2
DA:322,2
DA:323,2
DA:324,2
DA:325,2
DA:326,2
DA:327,2
DA:328,4
DA:329,4
DA:330,2
DA:331,2
DA:332,2
DA:333,2
DA:334,2
DA:335,2
DA:336,2
DA:337,4
DA:338,4
DA:339,2
DA:340,2
DA:341,2
DA:342,0
DA:343,0
DA:344,2
DA:345,2
DA:346,4
DA:347,4
DA:348,4
DA:349,4
DA:350,4
DA:351,4
DA:352,2
DA:353,2
DA:354,2
DA:355,2
DA:356,4
DA:357,4
DA:358,4
DA:359,4
DA:360,2
DA:361,2
DA:362,2
DA:363,2
DA:364,2
DA:365,2
DA:366,2
DA:367,4
DA:368,4
DA:369,2
DA:370,2
DA:371,2
DA:372,4
DA:373,4
DA:374,4
DA:375,0
DA:376,0
DA:377,0
DA:378,4
DA:379,4
DA:380,4
DA:381,204
DA:382,94
DA:383,94
DA:384,94
DA:385,6
DA:386,94
DA:387,94
DA:388,204
DA:389,4
DA:390,4
DA:391,200
DA:392,200
DA:393,4
DA:394,4
DA:395,198
DA:396,198
DA:397,4
DA:398,4
DA:399,204
DA:400,8
DA:401,8
DA:402,8
DA:403,8
DA:404,8
DA:405,8
DA:406,196
DA:407,196
DA:408,196
DA:409,204
DA:410,204
DA:411,204
DA:412,204
DA:413,204
DA:414,204
DA:415,204
DA:416,204
DA:417,204
DA:418,204
DA:419,204
DA:420,204
DA:421,204
DA:422,204
DA:423,204
DA:424,204
DA:425,204
DA:426,204
DA:427,204
DA:428,204
DA:429,204
DA:430,204
DA:431,204
DA:432,204
DA:433,204
DA:434,204
DA:435,204
DA:436,204
DA:437,204
DA:438,204
DA:439,204
DA:440,204
DA:441,204
DA:442,204
DA:443,204
DA:444,204
DA:445,204
DA:446,204
DA:447,204
DA:448,204
DA:449,204
DA:450,204
DA:451,204
DA:452,204
DA:453,1220
DA:454,1220
DA:455,1220
DA:456,1220
DA:457,204
DA:458,204
DA:459,204
DA:460,204
DA:461,204
DA:462,204
DA:463,4
DA:464,4
DA:465,4
LF:465
LH:460
BRDA:1,0,0,4
BRDA:6,1,0,4
BRDA:313,2,0,88
BRDA:380,3,0,204
BRDA:381,4,0,94
BRDA:381,5,0,94
BRDA:383,6,0,594
BRDA:390,7,0,200
BRDA:394,8,0,198
BRDA:395,9,0,18
BRDA:398,10,0,204
BRDA:399,11,0,8
BRDA:409,12,0,16
BRDA:452,13,0,1220
BRDA:319,14,0,4
BRDA:329,15,0,4
BRDA:338,16,0,4
BRDA:341,17,0,2
BRDA:340,18,0,6
BRDA:347,19,0,6
BRDA:351,20,0,4
BRDA:354,21,0,6
BRDA:359,22,0,4
BRDA:368,23,0,4
BRDA:384,24,0,58
BRDA:406,25,0,196
BRDA:409,26,0,180
BRF:27
BRH:27
end_of_record
TN:
SF:src/components/ui/modal-dialog.js
FN:5,<static_initializer>
FN:152,ModalDialog
FN:161,updated
FN:173,<instance_members_initializer>
FN:173,handleKeyDown
FN:179,handleBackdropClick
FN:185,handleCancel
FN:191,handlePrimary
FN:197,render
FNF:9
FNH:9
FNDA:12,<static_initializer>
FNDA:368,ModalDialog
FNDA:420,updated
FNDA:368,<instance_members_initializer>
FNDA:2,handleKeyDown
FNDA:10,handleBackdropClick
FNDA:8,handleCancel
FNDA:2,handlePrimary
FNDA:420,render
DA:1,12
DA:2,12
DA:3,12
DA:4,12
DA:5,12
DA:6,12
DA:7,12
DA:8,12
DA:9,12
DA:10,12
DA:11,12
DA:12,12
DA:13,12
DA:14,12
DA:15,12
DA:16,12
DA:17,12
DA:18,12
DA:19,12
DA:20,12
DA:21,12
DA:22,12
DA:23,12
DA:24,12
DA:25,12
DA:26,12
DA:27,12
DA:28,12
DA:29,12
DA:30,12
DA:31,12
DA:32,12
DA:33,12
DA:34,12
DA:35,12
DA:36,12
DA:37,12
DA:38,12
DA:39,12
DA:40,12
DA:41,12
DA:42,12
DA:43,12
DA:44,12
DA:45,12
DA:46,12
DA:47,12
DA:48,12
DA:49,12
DA:50,12
DA:51,12
DA:52,12
DA:53,12
DA:54,12
DA:55,12
DA:56,12
DA:57,12
DA:58,12
DA:59,12
DA:60,12
DA:61,12
DA:62,12
DA:63,12
DA:64,12
DA:65,12
DA:66,12
DA:67,12
DA:68,12
DA:69,12
DA:70,12
DA:71,12
DA:72,12
DA:73,12
DA:74,12
DA:75,12
DA:76,12
DA:77,12
DA:78,12
DA:79,12
DA:80,12
DA:81,12
DA:82,12
DA:83,12
DA:84,12
DA:85,12
DA:86,12
DA:87,12
DA:88,12
DA:89,12
DA:90,12
DA:91,12
DA:92,12
DA:93,12
DA:94,12
DA:95,12
DA:96,12
DA:97,12
DA:98,12
DA:99,12
DA:100,12
DA:101,12
DA:102,12
DA:103,12
DA:104,12
DA:105,12
DA:106,12
DA:107,12
DA:108,12
DA:109,12
DA:110,12
DA:111,12
DA:112,12
DA:113,12
DA:114,12
DA:115,12
DA:116,12
DA:117,12
DA:118,12
DA:119,12
DA:120,12
DA:121,12
DA:122,12
DA:123,12
DA:124,12
DA:125,12
DA:126,12
DA:127,12
DA:128,12
DA:129,12
DA:130,12
DA:131,12
DA:132,12
DA:133,12
DA:134,12
DA:135,12
DA:136,12
DA:137,12
DA:138,12
DA:139,12
DA:140,12
DA:141,12
DA:142,12
DA:143,12
DA:144,12
DA:145,12
DA:146,12
DA:147,12
DA:148,12
DA:149,12
DA:150,12
DA:151,12
DA:152,12
DA:153,368
DA:154,368
DA:155,368
DA:156,368
DA:157,368
DA:158,368
DA:159,368
DA:160,12
DA:161,12
DA:162,420
DA:163,414
DA:164,40
DA:165,40
DA:166,414
DA:167,374
DA:168,374
DA:169,374
DA:170,414
DA:171,420
DA:172,12
DA:173,12
DA:174,2
DA:175,2
DA:176,2
DA:177,2
DA:178,12
DA:179,12
DA:180,10
DA:181,2
DA:182,2
DA:183,10
DA:184,12
DA:185,12
DA:186,8
DA:187,8
DA:188,8
DA:189,8
DA:190,12
DA:191,12
DA:192,2
DA:193,2
DA:194,2
DA:195,2
DA:196,12
DA:197,12
DA:198,420
DA:199,420
DA:200,40
DA:201,420
DA:202,380
DA:203,380
DA:204,380
DA:205,40
DA:206,40
DA:207,40
DA:208,40
DA:209,40
DA:210,40
DA:211,40
DA:212,40
DA:213,40
DA:214,40
DA:215,40
DA:216,40
DA:217,40
DA:218,40
DA:219,40
DA:220,40
DA:221,40
DA:222,40
DA:223,40
DA:224,40
DA:225,40
DA:226,40
DA:227,40
DA:228,40
DA:229,40
DA:230,40
DA:231,420
DA:232,12
DA:233,12
DA:234,12
LF:234
LH:234
BRDA:1,0,0,12
BRDA:5,1,0,12
BRDA:152,2,0,370
BRDA:161,3,0,422
BRDA:163,4,0,42
BRDA:173,5,0,368
BRDA:197,6,0,422
BRDA:199,7,0,42
BRDA:205,8,0,42
BRDA:162,9,0,416
BRDA:166,10,0,376
BRDA:201,11,0,382
BRDA:173,12,0,368
BRDA:179,13,0,20
BRDA:180,14,0,12
BRDA:185,15,0,18
BRDA:191,16,0,12
BRF:17
BRH:17
end_of_record
TN:
SF:src/controllers/ConfirmationModalController.js
FN:6,ConfirmationModalController
FN:16,hostConnected
FN:20,hostDisconnected
FN:25,showConfirmation
FN:32,hideConfirmation
FN:39,executeConfirmedAction
FN:47,get hasConfirmation
FN:51,get hasPendingAction
FNF:8
FNH:8
FNDA:142,ConfirmationModalController
FNDA:84,hostConnected
FNDA:84,hostDisconnected
FNDA:46,showConfirmation
FNDA:36,hideConfirmation
FNDA:22,executeConfirmedAction
FNDA:20,get hasConfirmation
FNDA:14,get hasPendingAction
DA:1,8
DA:2,8
DA:3,8
DA:4,8
DA:5,8
DA:6,8
DA:7,142
DA:8,142
DA:9,142
DA:10,142
DA:11,142
DA:12,142
DA:13,142
DA:14,8
DA:15,8
DA:16,8
DA:17,84
DA:18,84
DA:19,8
DA:20,8
DA:21,84
DA:22,84
DA:23,8
DA:24,8
DA:25,8
DA:26,46
DA:27,46
DA:28,46
DA:29,46
DA:30,46
DA:31,8
DA:32,8
DA:33,36
DA:34,36
DA:35,36
DA:36,36
DA:37,36
DA:38,8
DA:39,8
DA:40,22
DA:41,14
DA:42,14
DA:43,20
DA:44,22
DA:45,8
DA:46,8
DA:47,8
DA:48,20
DA:49,20
DA:50,8
DA:51,8
DA:52,14
DA:53,14
DA:54,8
LF:54
LH:54
BRDA:1,0,0,8
BRDA:6,1,0,144
BRDA:16,2,0,86
BRDA:20,3,0,86
BRDA:25,4,0,52
BRDA:32,5,0,42
BRDA:39,6,0,28
BRDA:40,7,0,24
BRDA:40,8,0,20
BRDA:43,9,0,26
BRDA:47,10,0,26
BRDA:51,11,0,20
BRF:12
BRH:12
end_of_record
TN:
SF:src/controllers/EmployeeFormController.js
FN:10,EmployeeFormController
FN:45,hostConnected
FN:55,hostDisconnected
FN:62,setMode
FN:75,resetForm
FN:89,loadEmployeeData
FN:114,updateField
FN:130,validateForm
FN:175,saveEmployee
FN:191,cancelForm
FN:196,clearErrors
FN:202,clearFieldError
FN:212,get isEditMode
FN:216,get isAddMode
FN:220,get hasErrors
FN:224,get isFormValid
FN:228,get errorCount
FNF:17
FNH:17
FNDA:174,EmployeeFormController
FNDA:86,hostConnected
FNDA:86,hostDisconnected
FNDA:96,setMode
FNDA:92,resetForm
FNDA:8,loadEmployeeData
FNDA:24,updateField
FNDA:16,validateForm
FNDA:2,saveEmployee
FNDA:2,cancelForm
FNDA:2,clearErrors
FNDA:4,clearFieldError
FNDA:332,get isEditMode
FNDA:332,get isAddMode
FNDA:8,get hasErrors
FNDA:6,get isFormValid
FNDA:6,get errorCount
DA:1,8
DA:2,8
DA:3,8
DA:4,8
DA:5,8
DA:6,8
DA:7,8
DA:8,8
DA:9,8
DA:10,8
DA:11,174
DA:12,174
DA:13,174
DA:14,174
DA:15,174
DA:16,174
DA:17,174
DA:18,174
DA:19,174
DA:20,174
DA:21,174
DA:22,174
DA:23,174
DA:24,174
DA:25,174
DA:26,174
DA:27,174
DA:28,174
DA:29,174
DA:30,174
DA:31,174
DA:32,174
DA:33,174
DA:34,174
DA:35,174
DA:36,174
DA:37,174
DA:38,174
DA:39,174
DA:40,174
DA:41,174
DA:42,174
DA:43,8
DA:44,8
DA:45,8
DA:46,86
DA:47,86
DA:48,2
DA:49,2
DA:50,0
DA:51,0
DA:52,86
DA:53,86
DA:54,8
DA:55,8
DA:56,86
DA:57,84
DA:58,84
DA:59,86
DA:60,8
DA:61,8
DA:62,8
DA:63,96
DA:64,96
DA:65,96
DA:66,96
DA:67,6
DA:68,96
DA:69,88
DA:70,88
DA:71,96
DA:72,96
DA:73,96
DA:74,8
DA:75,8
DA:76,92
DA:77,92
DA:78,92
DA:79,92
DA:80,92
DA:81,92
DA:82,92
DA:83,92
DA:84,92
DA:85,92
DA:86,92
DA:87,92
DA:88,8
DA:89,8
DA:90,8
DA:91,8
DA:92,8
DA:93,0
DA:94,0
DA:95,8
DA:96,8
DA:97,52
DA:98,52
DA:99,52
DA:100,52
DA:101,52
DA:102,52
DA:103,8
DA:104,8
DA:105,8
DA:106,6
DA:107,6
DA:108,8
DA:109,2
DA:110,2
DA:111,2
DA:112,8
DA:113,8
DA:114,8
DA:115,24
DA:116,24
DA:117,24
DA:118,24
DA:119,24
DA:120,24
DA:121,24
DA:122,20
DA:123,20
DA:124,20
DA:125,20
DA:126,24
DA:127,24
DA:128,24
DA:129,8
DA:130,8
DA:131,16
DA:132,16
DA:133,16
DA:134,16
DA:135,16
DA:136,16
DA:137,16
DA:138,16
DA:139,16
DA:140,16
DA:141,16
DA:142,16
DA:143,16
DA:144,16
DA:145,128
DA:146,34
DA:147,34
DA:148,34
DA:149,16
DA:150,16
DA:151,16
DA:152,16
DA:153,12
DA:154,12
DA:155,2
DA:156,2
DA:157,12
DA:158,16
DA:159,16
DA:160,16
DA:161,12
DA:162,12
DA:163,2
DA:164,2
DA:165,12
DA:166,16
DA:167,16
DA:168,16
DA:169,16
DA:170,16
DA:171,16
DA:172,16
DA:173,16
DA:174,8
DA:175,8
DA:176,2
DA:177,2
DA:178,2
DA:179,2
DA:180,2
DA:181,2
DA:182,2
DA:183,2
DA:184,0
DA:185,0
DA:186,2
DA:187,2
DA:188,2
DA:189,2
DA:190,8
DA:191,8
DA:192,2
DA:193,2
DA:194,8
DA:195,8
DA:196,8
DA:197,2
DA:198,2
DA:199,2
DA:200,8
DA:201,8
DA:202,8
DA:203,4
DA:204,2
DA:205,2
DA:206,2
DA:207,2
DA:208,2
DA:209,4
DA:210,8
DA:211,8
DA:212,8
DA:213,332
DA:214,332
DA:215,8
DA:216,8
DA:217,332
DA:218,332
DA:219,8
DA:220,8
DA:221,8
DA:222,8
DA:223,8
DA:224,8
DA:225,6
DA:226,6
DA:227,8
DA:228,8
DA:229,6
DA:230,6
DA:231,8
LF:231
LH:225
BRDA:1,0,0,8
BRDA:10,1,0,176
BRDA:45,2,0,88
BRDA:47,3,0,86
BRDA:49,4,0,84
BRDA:49,5,0,84
BRDA:49,6,0,84
BRDA:55,7,0,88
BRDA:56,8,0,86
BRDA:62,9,0,98
BRDA:66,10,0,10
BRDA:66,11,0,8
BRDA:68,12,0,92
BRDA:68,13,0,92
BRDA:75,14,0,94
BRDA:89,15,0,14
BRDA:92,16,0,6
BRDA:105,17,0,12
BRDA:108,18,0,8
BRDA:96,19,0,58
BRDA:102,20,0,52
BRDA:114,21,0,30
BRDA:121,22,0,26
BRDA:130,23,0,22
BRDA:152,24,0,18
BRDA:154,25,0,8
BRDA:160,26,0,18
BRDA:162,27,0,8
BRDA:144,28,0,134
BRDA:145,29,0,102
BRDA:145,30,0,40
BRDA:175,31,0,8
BRDA:183,32,0,6
BRDA:191,33,0,8
BRDA:196,34,0,8
BRDA:202,35,0,10
BRDA:203,36,0,8
BRDA:212,37,0,334
BRDA:216,38,0,334
BRDA:220,39,0,14
BRDA:224,40,0,12
BRDA:228,41,0,12
BRF:42
BRH:42
end_of_record
TN:
SF:src/controllers/EmployeeListController.js
FN:9,EmployeeListController
FN:25,hostConnected
FN:42,hostDisconnected
FN:50,updateFilteredEmployees
FN:70,updatePagination
FN:82,setSearchQuery
FN:89,clearSearch
FN:96,changePage
FN:104,changePageSize
FN:111,deleteEmployee
FN:115,bulkDeleteEmployees
FN:122,get startItem
FN:126,get endItem
FN:130,get hasResults
FN:134,get showNoResults
FNF:15
FNH:15
FNDA:176,EmployeeListController
FNDA:56,hostConnected
FNDA:56,hostDisconnected
FNDA:130,updateFilteredEmployees
FNDA:156,updatePagination
FNDA:12,setSearchQuery
FNDA:8,clearSearch
FNDA:16,changePage
FNDA:14,changePageSize
FNDA:2,deleteEmployee
FNDA:4,bulkDeleteEmployees
FNDA:58,get startItem
FNDA:58,get endItem
FNDA:58,get hasResults
FNDA:60,get showNoResults
DA:1,4
DA:2,4
DA:3,4
DA:4,4
DA:5,4
DA:6,4
DA:7,4
DA:8,4
DA:9,4
DA:10,176
DA:11,176
DA:12,176
DA:13,176
DA:14,176
DA:15,176
DA:16,176
DA:17,176
DA:18,176
DA:19,176
DA:20,176
DA:21,176
DA:22,176
DA:23,4
DA:24,4
DA:25,4
DA:26,56
DA:27,56
DA:28,8
DA:29,8
DA:30,8
DA:31,8
DA:32,8
DA:33,8
DA:34,56
DA:35,56
DA:36,56
DA:37,56
DA:38,56
DA:39,56
DA:40,56
DA:41,4
DA:42,4
DA:43,56
DA:44,56
DA:45,54
DA:46,54
DA:47,56
DA:48,4
DA:49,4
DA:50,4
DA:51,130
DA:52,94
DA:53,130
DA:54,34
DA:55,34
DA:56,94
DA:57,94
DA:58,94
DA:59,94
DA:60,94
DA:61,94
DA:62,56
DA:63,94
DA:64,34
DA:65,34
DA:66,126
DA:67,126
DA:68,130
DA:69,4
DA:70,4
DA:71,156
DA:72,156
DA:73,156
DA:74,2
DA:75,2
DA:76,156
DA:77,156
DA:78,156
DA:79,156
DA:80,156
DA:81,4
DA:82,4
DA:83,12
DA:84,12
DA:85,12
DA:86,12
DA:87,12
DA:88,4
DA:89,4
DA:90,8
DA:91,8
DA:92,8
DA:93,8
DA:94,8
DA:95,4
DA:96,4
DA:97,16
DA:98,10
DA:99,10
DA:100,10
DA:101,10
DA:102,16
DA:103,4
DA:104,4
DA:105,14
DA:106,14
DA:107,14
DA:108,14
DA:109,14
DA:110,4
DA:111,4
DA:112,2
DA:113,2
DA:114,4
DA:115,4
DA:116,4
DA:117,6
DA:118,4
DA:119,4
DA:120,4
DA:121,4
DA:122,4
DA:123,58
DA:124,58
DA:125,4
DA:126,4
DA:127,58
DA:128,58
DA:129,4
DA:130,4
DA:131,58
DA:132,58
DA:133,4
DA:134,4
DA:135,60
DA:136,60
DA:137,4
LF:137
LH:137
BRDA:1,0,0,4
BRDA:9,1,0,176
BRDA:25,2,0,56
BRDA:27,3,0,60
BRDA:42,4,0,56
BRDA:44,5,0,54
BRDA:50,6,0,130
BRDA:51,7,0,94
BRDA:53,8,0,34
BRDA:66,9,0,126
BRDA:55,10,0,94
BRDA:57,11,0,90
BRDA:57,12,0,80
BRDA:58,13,0,78
BRDA:58,14,0,72
BRDA:59,15,0,70
BRDA:59,16,0,70
BRDA:60,17,0,66
BRDA:60,18,0,60
BRDA:61,19,0,56
BRDA:61,20,0,56
BRDA:62,21,0,52
BRDA:70,22,0,156
BRDA:73,23,0,22
BRDA:73,24,0,2
BRDA:82,25,0,14
BRDA:89,26,0,10
BRDA:96,27,0,18
BRDA:97,28,0,14
BRDA:97,29,0,12
BRDA:104,30,0,16
BRDA:111,31,0,4
BRDA:115,32,0,6
BRDA:116,33,0,8
BRDA:122,34,0,58
BRDA:126,35,0,58
BRDA:130,36,0,58
BRDA:134,37,0,60
BRDA:135,38,0,6
BRF:39
BRH:39
end_of_record
TN:
SF:src/controllers/ModalController.js
FN:8,ModalController
FN:22,hostConnected
FN:26,hostDisconnected
FN:31,openDeleteModal
FN:37,closeDeleteModal
FN:44,openEditModal
FN:50,closeEditModal
FN:56,confirmEdit
FN:64,openBulkDeleteModal
FN:70,closeBulkDeleteModal
FN:77,get hasEmployeeToDelete
FN:81,get hasEmployeeToEdit
FN:85,get hasBulkDeleteEmployees
FNF:13
FNH:13
FNDA:160,ModalController
FNDA:54,hostConnected
FNDA:54,hostDisconnected
FNDA:44,openDeleteModal
FNDA:14,closeDeleteModal
FNDA:44,openEditModal
FNDA:30,closeEditModal
FNDA:26,confirmEdit
FNDA:22,openBulkDeleteModal
FNDA:10,closeBulkDeleteModal
FNDA:20,get hasEmployeeToDelete
FNDA:18,get hasEmployeeToEdit
FNDA:20,get hasBulkDeleteEmployees
DA:1,4
DA:2,4
DA:3,4
DA:4,4
DA:5,4
DA:6,4
DA:7,4
DA:8,4
DA:9,160
DA:10,160
DA:11,160
DA:12,160
DA:13,160
DA:14,160
DA:15,160
DA:16,160
DA:17,160
DA:18,160
DA:19,160
DA:20,4
DA:21,4
DA:22,4
DA:23,54
DA:24,54
DA:25,4
DA:26,4
DA:27,54
DA:28,54
DA:29,4
DA:30,4
DA:31,4
DA:32,44
DA:33,44
DA:34,44
DA:35,44
DA:36,4
DA:37,4
DA:38,14
DA:39,14
DA:40,14
DA:41,14
DA:42,4
DA:43,4
DA:44,4
DA:45,44
DA:46,44
DA:47,44
DA:48,44
DA:49,4
DA:50,4
DA:51,30
DA:52,30
DA:53,30
DA:54,30
DA:55,4
DA:56,4
DA:57,26
DA:58,22
DA:59,22
DA:60,22
DA:61,26
DA:62,4
DA:63,4
DA:64,4
DA:65,22
DA:66,22
DA:67,22
DA:68,22
DA:69,4
DA:70,4
DA:71,10
DA:72,10
DA:73,10
DA:74,10
DA:75,4
DA:76,4
DA:77,4
DA:78,20
DA:79,20
DA:80,4
DA:81,4
DA:82,18
DA:83,18
DA:84,4
DA:85,4
DA:86,20
DA:87,20
DA:88,4
LF:88
LH:88
BRDA:1,0,0,4
BRDA:8,1,0,160
BRDA:22,2,0,54
BRDA:26,3,0,54
BRDA:31,4,0,46
BRDA:37,5,0,16
BRDA:44,6,0,46
BRDA:50,7,0,32
BRDA:56,8,0,28
BRDA:57,9,0,24
BRDA:64,10,0,24
BRDA:70,11,0,12
BRDA:77,12,0,22
BRDA:81,13,0,20
BRDA:85,14,0,22
BRF:15
BRH:15
end_of_record
TN:
SF:src/controllers/RouteParameterController.js
FN:8,RouteParameterController
FN:17,hostConnected
FN:22,hostDisconnected
FN:27,updateRouteParameters
FN:41,parseParametersFromPath
FN:56,setRouteParameter
FN:64,onBeforeEnter
FN:76,get employeeId
FN:80,get hasEmployeeId
FN:84,get currentPath
FN:88,get isEditRoute
FN:92,get isAddRoute
FNF:12
FNH:10
FNDA:126,RouteParameterController
FNDA:0,hostConnected
FNDA:4,hostDisconnected
FNDA:0,updateRouteParameters
FNDA:86,parseParametersFromPath
FNDA:62,setRouteParameter
FNDA:54,onBeforeEnter
FNDA:48,get employeeId
FNDA:28,get hasEmployeeId
FNDA:82,get currentPath
FNDA:34,get isEditRoute
FNDA:30,get isAddRoute
DA:1,4
DA:2,4
DA:3,4
DA:4,4
DA:5,4
DA:6,4
DA:7,4
DA:8,4
DA:9,126
DA:10,126
DA:11,126
DA:12,126
DA:13,126
DA:14,126
DA:15,4
DA:16,4
DA:17,4
DA:18,0
DA:19,0
DA:20,0
DA:21,4
DA:22,4
DA:23,4
DA:24,4
DA:25,4
DA:26,4
DA:27,4
DA:28,0
DA:29,0
DA:30,0
DA:31,0
DA:32,0
DA:33,0
DA:34,0
DA:35,0
DA:36,0
DA:37,0
DA:38,0
DA:39,0
DA:40,4
DA:41,4
DA:42,86
DA:43,86
DA:44,86
DA:45,86
DA:46,86
DA:47,68
DA:48,68
DA:49,60
DA:50,60
DA:51,68
DA:52,86
DA:53,86
DA:54,86
DA:55,4
DA:56,4
DA:57,62
DA:58,62
DA:59,62
DA:60,62
DA:61,62
DA:62,62
DA:63,4
DA:64,4
DA:65,54
DA:66,54
DA:67,54
DA:68,36
DA:69,36
DA:70,54
DA:71,54
DA:72,54
DA:73,54
DA:74,4
DA:75,4
DA:76,4
DA:77,48
DA:78,48
DA:79,4
DA:80,4
DA:81,28
DA:82,28
DA:83,4
DA:84,4
DA:85,82
DA:86,82
DA:87,4
DA:88,4
DA:89,34
DA:90,34
DA:91,4
DA:92,4
DA:93,30
DA:94,30
DA:95,4
LF:95
LH:80
BRDA:1,0,0,4
BRDA:8,1,0,126
BRDA:22,2,0,6
BRDA:41,3,0,88
BRDA:46,4,0,70
BRDA:48,5,0,62
BRDA:48,6,0,62
BRDA:42,7,0,272
BRDA:56,8,0,64
BRDA:64,9,0,56
BRDA:67,10,0,38
BRDA:76,11,0,50
BRDA:77,12,0,30
BRDA:80,13,0,30
BRDA:84,14,0,84
BRDA:85,15,0,78
BRDA:85,16,0,12
BRDA:88,17,0,36
BRDA:92,18,0,32
BRF:19
BRH:19
end_of_record
TN:
SF:src/controllers/ViewStateController.js
FN:6,ViewStateController
FN:14,hostConnected
FN:23,hostDisconnected
FN:28,setViewMode
FN:36,toggleViewMode
FN:41,get isTableView
FN:45,get isListView
FNF:7
FNH:7
FNDA:222,ViewStateController
FNDA:104,hostConnected
FNDA:80,hostDisconnected
FNDA:134,setViewMode
FNDA:54,toggleViewMode
FNDA:102,get isTableView
FNDA:56,get isListView
DA:1,4
DA:2,4
DA:3,4
DA:4,4
DA:5,4
DA:6,4
DA:7,222
DA:8,222
DA:9,222
DA:10,222
DA:11,222
DA:12,4
DA:13,4
DA:14,4
DA:15,104
DA:16,104
DA:17,104
DA:18,72
DA:19,72
DA:20,72
DA:21,104
DA:22,4
DA:23,4
DA:24,80
DA:25,80
DA:26,80
DA:27,4
DA:28,4
DA:29,134
DA:30,94
DA:31,94
DA:32,94
DA:33,94
DA:34,134
DA:35,4
DA:36,4
DA:37,54
DA:38,54
DA:39,4
DA:40,4
DA:41,4
DA:42,102
DA:43,102
DA:44,4
DA:45,4
DA:46,56
DA:47,56
DA:48,4
LF:48
LH:48
BRDA:1,0,0,4
BRDA:6,1,0,222
BRDA:14,2,0,104
BRDA:17,3,0,82
BRDA:17,4,0,72
BRDA:23,5,0,80
BRDA:28,6,0,136
BRDA:29,7,0,96
BRDA:36,8,0,56
BRDA:37,9,0,24
BRDA:37,10,0,34
BRDA:41,11,0,102
BRDA:45,12,0,58
BRF:13
BRH:13
end_of_record
TN:
SF:src/mixins/LocalizationMixin.js
FN:7,LocalizationMixin
FN:13,connectedCallback
FN:20,disconnectedCallback
FN:27,_handleLanguageChange
FN:33,t
FN:38,getCurrentLanguage
FN:43,setLanguage
FNF:7
FNH:4
FNDA:126,LocalizationMixin
FNDA:5902,connectedCallback
FNDA:5902,disconnectedCallback
FNDA:0,_handleLanguageChange
FNDA:15728,t
FNDA:0,getCurrentLanguage
FNDA:0,setLanguage
DA:1,42
DA:2,42
DA:3,42
DA:4,42
DA:5,42
DA:6,42
DA:7,42
DA:8,126
DA:9,5902
DA:10,5902
DA:11,5902
DA:12,126
DA:13,126
DA:14,5902
DA:15,5902
DA:16,5902
DA:17,5902
DA:18,5902
DA:19,126
DA:20,126
DA:21,5902
DA:22,5902
DA:23,5902
DA:24,5902
DA:25,5902
DA:26,126
DA:27,126
DA:28,0
DA:29,0
DA:30,0
DA:31,126
DA:32,126
DA:33,126
DA:34,15728
DA:35,15728
DA:36,126
DA:37,126
DA:38,126
DA:39,0
DA:40,0
DA:41,126
DA:42,126
DA:43,126
DA:44,0
DA:45,0
DA:46,42
LF:46
LH:39
BRDA:1,0,0,42
BRDA:7,1,0,126
BRDA:8,2,0,5914
BRDA:13,3,0,5914
BRDA:20,4,0,5914
BRDA:33,5,0,15746
BRF:6
BRH:6
end_of_record
TN:
SF:src/pages/employee-add-page.js
FN:5,render
FNF:1
FNH:1
FNDA:10,render
DA:1,2
DA:2,2
DA:3,2
DA:4,2
DA:5,2
DA:6,10
DA:7,10
DA:8,10
DA:9,10
DA:10,2
DA:11,2
DA:12,2
LF:12
LH:12
BRDA:1,0,0,2
BRDA:5,1,0,10
BRF:2
BRH:2
end_of_record
TN:
SF:src/pages/employee-edit-page.js
FN:6,EmployeeEditPage
FN:12,onBeforeEnter
FN:16,render
FNF:3
FNH:1
FNDA:8,EmployeeEditPage
FNDA:0,onBeforeEnter
FNDA:0,render
DA:1,2
DA:2,2
DA:3,2
DA:4,2
DA:5,2
DA:6,2
DA:7,8
DA:8,8
DA:9,8
DA:10,8
DA:11,2
DA:12,2
DA:13,0
DA:14,0
DA:15,2
DA:16,2
DA:17,0
DA:18,0
DA:19,0
DA:20,0
DA:21,0
DA:22,0
DA:23,0
DA:24,2
DA:25,2
DA:26,2
LF:26
LH:17
BRDA:1,0,0,2
BRDA:6,1,0,8
BRF:2
BRH:2
end_of_record
TN:
SF:src/pages/employee-list.js
FN:15,<static_initializer>
FN:72,EmployeeList
FN:80,handleEmployeeDelete
FN:84,handleDeleteConfirmEvent
FN:91,handleDeleteCancelEvent
FN:95,handleEmployeeEdit
FN:99,handleEditConfirmEvent
FN:105,handleEditCancelEvent
FN:109,handleBulkDelete
FN:113,handleBulkDeleteConfirmEvent
FN:120,handleBulkDeleteCancelEvent
FN:124,handleSearchInputEvent
FN:128,handleClearSearchEvent
FN:132,handlePageChangeEvent
FN:136,handlePageSizeChangeEvent
FN:140,handleViewModeChangeEvent
FN:144,render
FNF:17
FNH:17
FNDA:2,<static_initializer>
FNDA:52,EmployeeList
FNDA:2,handleEmployeeDelete
FNDA:2,handleDeleteConfirmEvent
FNDA:2,handleDeleteCancelEvent
FNDA:2,handleEmployeeEdit
FNDA:2,handleEditConfirmEvent
FNDA:2,handleEditCancelEvent
FNDA:2,handleBulkDelete
FNDA:2,handleBulkDeleteConfirmEvent
FNDA:2,handleBulkDeleteCancelEvent
FNDA:2,handleSearchInputEvent
FNDA:2,handleClearSearchEvent
FNDA:2,handlePageChangeEvent
FNDA:2,handlePageSizeChangeEvent
FNDA:2,handleViewModeChangeEvent
FNDA:52,render
DA:1,2
DA:2,2
DA:3,2
DA:4,2
DA:5,2
DA:6,2
DA:7,2
DA:8,2
DA:9,2
DA:10,2
DA:11,2
DA:12,2
DA:13,2
DA:14,2
DA:15,2
DA:16,2
DA:17,2
DA:18,2
DA:19,2
DA:20,2
DA:21,2
DA:22,2
DA:23,2
DA:24,2
DA:25,2
DA:26,2
DA:27,2
DA:28,2
DA:29,2
DA:30,2
DA:31,2
DA:32,2
DA:33,2
DA:34,2
DA:35,2
DA:36,2
DA:37,2
DA:38,2
DA:39,2
DA:40,2
DA:41,2
DA:42,2
DA:43,2
DA:44,2
DA:45,2
DA:46,2
DA:47,2
DA:48,2
DA:49,2
DA:50,2
DA:51,2
DA:52,2
DA:53,2
DA:54,2
DA:55,2
DA:56,2
DA:57,2
DA:58,2
DA:59,2
DA:60,2
DA:61,2
DA:62,2
DA:63,2
DA:64,2
DA:65,2
DA:66,2
DA:67,2
DA:68,2
DA:69,2
DA:70,2
DA:71,2
DA:72,2
DA:73,52
DA:74,52
DA:75,52
DA:76,52
DA:77,52
DA:78,52
DA:79,2
DA:80,2
DA:81,2
DA:82,2
DA:83,2
DA:84,2
DA:85,2
DA:86,2
DA:87,2
DA:88,2
DA:89,2
DA:90,2
DA:91,2
DA:92,2
DA:93,2
DA:94,2
DA:95,2
DA:96,2
DA:97,2
DA:98,2
DA:99,2
DA:100,2
DA:101,2
DA:102,2
DA:103,2
DA:104,2
DA:105,2
DA:106,2
DA:107,2
DA:108,2
DA:109,2
DA:110,2
DA:111,2
DA:112,2
DA:113,2
DA:114,2
DA:115,2
DA:116,2
DA:117,2
DA:118,2
DA:119,2
DA:120,2
DA:121,2
DA:122,2
DA:123,2
DA:124,2
DA:125,2
DA:126,2
DA:127,2
DA:128,2
DA:129,2
DA:130,2
DA:131,2
DA:132,2
DA:133,2
DA:134,2
DA:135,2
DA:136,2
DA:137,2
DA:138,2
DA:139,2
DA:140,2
DA:141,2
DA:142,2
DA:143,2
DA:144,2
DA:145,52
DA:146,52
DA:147,52
DA:148,52
DA:149,52
DA:150,52
DA:151,52
DA:152,52
DA:153,52
DA:154,52
DA:155,52
DA:156,52
DA:157,52
DA:158,52
DA:159,52
DA:160,52
DA:161,52
DA:162,52
DA:163,52
DA:164,52
DA:165,52
DA:166,52
DA:167,52
DA:168,52
DA:169,52
DA:170,52
DA:171,52
DA:172,52
DA:173,52
DA:174,52
DA:175,0
DA:176,0
DA:177,0
DA:178,0
DA:179,0
DA:180,52
DA:181,52
DA:182,52
DA:183,0
DA:184,0
DA:185,0
DA:186,52
DA:187,52
DA:188,52
DA:189,52
DA:190,52
DA:191,52
DA:192,52
DA:193,52
DA:194,52
DA:195,52
DA:196,52
DA:197,52
DA:198,52
DA:199,52
DA:200,52
DA:201,52
DA:202,52
DA:203,52
DA:204,52
DA:205,52
DA:206,52
DA:207,52
DA:208,52
DA:209,52
DA:210,52
DA:211,2
DA:212,2
DA:213,2
LF:213
LH:205
BRDA:1,0,0,2
BRDA:15,1,0,2
BRDA:72,2,0,52
BRDA:80,3,0,2
BRDA:84,4,0,2
BRDA:91,5,0,2
BRDA:95,6,0,2
BRDA:99,7,0,2
BRDA:105,8,0,2
BRDA:109,9,0,2
BRDA:113,10,0,2
BRDA:120,11,0,2
BRDA:124,12,0,2
BRDA:128,13,0,2
BRDA:132,14,0,2
BRDA:136,15,0,2
BRDA:140,16,0,2
BRDA:144,17,0,52
BRDA:174,18,0,0
BRDA:182,19,0,0
BRF:20
BRH:18
end_of_record
TN:
SF:src/services/i18n.js
FN:3,LocalizationService
FN:261,detectLanguage
FN:278,setLanguage
FN:291,t
FN:302,getCurrentLanguage
FN:306,getAvailableLanguages
FNF:6
FNH:3
FNDA:42,LocalizationService
FNDA:42,detectLanguage
FNDA:0,setLanguage
FNDA:15728,t
FNDA:0,getCurrentLanguage
FNDA:0,getAvailableLanguages
DA:1,42
DA:2,42
DA:3,42
DA:4,42
DA:5,42
DA:6,42
DA:7,42
DA:8,42
DA:9,42
DA:10,42
DA:11,42
DA:12,42
DA:13,42
DA:14,42
DA:15,42
DA:16,42
DA:17,42
DA:18,42
DA:19,42
DA:20,42
DA:21,42
DA:22,42
DA:23,42
DA:24,42
DA:25,42
DA:26,42
DA:27,42
DA:28,42
DA:29,42
DA:30,42
DA:31,42
DA:32,42
DA:33,42
DA:34,42
DA:35,42
DA:36,42
DA:37,42
DA:38,42
DA:39,42
DA:40,42
DA:41,42
DA:42,42
DA:43,42
DA:44,42
DA:45,42
DA:46,42
DA:47,42
DA:48,42
DA:49,42
DA:50,42
DA:51,42
DA:52,42
DA:53,42
DA:54,42
DA:55,42
DA:56,42
DA:57,42
DA:58,42
DA:59,42
DA:60,42
DA:61,42
DA:62,42
DA:63,42
DA:64,42
DA:65,42
DA:66,42
DA:67,42
DA:68,42
DA:69,42
DA:70,42
DA:71,42
DA:72,42
DA:73,42
DA:74,42
DA:75,42
DA:76,42
DA:77,42
DA:78,42
DA:79,42
DA:80,42
DA:81,42
DA:82,42
DA:83,42
DA:84,42
DA:85,42
DA:86,42
DA:87,42
DA:88,42
DA:89,42
DA:90,42
DA:91,42
DA:92,42
DA:93,42
DA:94,42
DA:95,42
DA:96,42
DA:97,42
DA:98,42
DA:99,42
DA:100,42
DA:101,42
DA:102,42
DA:103,42
DA:104,42
DA:105,42
DA:106,42
DA:107,42
DA:108,42
DA:109,42
DA:110,42
DA:111,42
DA:112,42
DA:113,42
DA:114,42
DA:115,42
DA:116,42
DA:117,42
DA:118,42
DA:119,42
DA:120,42
DA:121,42
DA:122,42
DA:123,42
DA:124,42
DA:125,42
DA:126,42
DA:127,42
DA:128,42
DA:129,42
DA:130,42
DA:131,42
DA:132,42
DA:133,42
DA:134,42
DA:135,42
DA:136,42
DA:137,42
DA:138,42
DA:139,42
DA:140,42
DA:141,42
DA:142,42
DA:143,42
DA:144,42
DA:145,42
DA:146,42
DA:147,42
DA:148,42
DA:149,42
DA:150,42
DA:151,42
DA:152,42
DA:153,42
DA:154,42
DA:155,42
DA:156,42
DA:157,42
DA:158,42
DA:159,42
DA:160,42
DA:161,42
DA:162,42
DA:163,42
DA:164,42
DA:165,42
DA:166,42
DA:167,42
DA:168,42
DA:169,42
DA:170,42
DA:171,42
DA:172,42
DA:173,42
DA:174,42
DA:175,42
DA:176,42
DA:177,42
DA:178,42
DA:179,42
DA:180,42
DA:181,42
DA:182,42
DA:183,42
DA:184,42
DA:185,42
DA:186,42
DA:187,42
DA:188,42
DA:189,42
DA:190,42
DA:191,42
DA:192,42
DA:193,42
DA:194,42
DA:195,42
DA:196,42
DA:197,42
DA:198,42
DA:199,42
DA:200,42
DA:201,42
DA:202,42
DA:203,42
DA:204,42
DA:205,42
DA:206,42
DA:207,42
DA:208,42
DA:209,42
DA:210,42
DA:211,42
DA:212,42
DA:213,42
DA:214,42
DA:215,42
DA:216,42
DA:217,42
DA:218,42
DA:219,42
DA:220,42
DA:221,42
DA:222,42
DA:223,42
DA:224,42
DA:225,42
DA:226,42
DA:227,42
DA:228,42
DA:229,42
DA:230,42
DA:231,42
DA:232,42
DA:233,42
DA:234,42
DA:235,42
DA:236,42
DA:237,42
DA:238,42
DA:239,42
DA:240,42
DA:241,42
DA:242,42
DA:243,42
DA:244,42
DA:245,42
DA:246,42
DA:247,42
DA:248,42
DA:249,42
DA:250,42
DA:251,42
DA:252,42
DA:253,42
DA:254,42
DA:255,42
DA:256,42
DA:257,42
DA:258,42
DA:259,42
DA:260,42
DA:261,42
DA:262,42
DA:263,42
DA:264,42
DA:265,0
DA:266,0
DA:267,42
DA:268,42
DA:269,42
DA:270,42
DA:271,42
DA:272,42
DA:273,0
DA:274,0
DA:275,0
DA:276,42
DA:277,42
DA:278,42
DA:279,0
DA:280,0
DA:281,0
DA:282,0
DA:283,0
DA:284,0
DA:285,0
DA:286,0
DA:287,0
DA:288,0
DA:289,0
DA:290,42
DA:291,42
DA:292,15728
DA:293,15728
DA:294,15728
DA:295,15728
DA:296,15728
DA:297,15728
DA:298,632
DA:299,15728
DA:300,15728
DA:301,42
DA:302,42
DA:303,0
DA:304,0
DA:305,42
DA:306,42
DA:307,0
DA:308,0
DA:309,42
DA:310,42
DA:311,42
DA:312,42
LF:312
LH:292
BRDA:1,0,0,42
BRDA:3,1,0,42
BRDA:261,2,0,42
BRDA:264,3,0,0
BRDA:264,4,0,0
BRDA:273,5,0,0
BRDA:291,6,0,15736
BRDA:292,7,0,132
BRDA:293,8,0,132
BRDA:297,9,0,5980
BRF:10
BRH:7
end_of_record
TN:
SF:src/store/actions.js
FN:1,generateId
FN:10,addEmployee
FN:20,updateEmployee
FN:27,deleteEmployee
FN:34,setEmployees
FNF:5
FNH:3
FNDA:2,generateId
FNDA:2,addEmployee
FNDA:0,updateEmployee
FNDA:8,deleteEmployee
FNDA:0,setEmployees
DA:1,12
DA:2,2
DA:3,12
DA:4,12
DA:5,12
DA:6,12
DA:7,12
DA:8,12
DA:9,12
DA:10,12
DA:11,2
DA:12,2
DA:13,2
DA:14,2
DA:15,2
DA:16,2
DA:17,2
DA:18,12
DA:19,12
DA:20,12
DA:21,0
DA:22,0
DA:23,0
DA:24,0
DA:25,12
DA:26,12
DA:27,12
DA:28,8
DA:29,8
DA:30,8
DA:31,8
DA:32,12
DA:33,12
DA:34,12
DA:35,0
DA:36,0
DA:37,0
DA:38,0
DA:39,12
LF:39
LH:31
BRDA:1,0,0,12
BRDA:1,1,0,12
BRDA:10,2,0,12
BRDA:27,3,0,18
BRF:4
BRH:4
end_of_record
TN:
SF:src/store/initial-employees.js
FNF:0
FNH:0
DA:1,12
DA:2,12
DA:3,12
DA:4,12
DA:5,12
DA:6,12
DA:7,12
DA:8,12
DA:9,12
DA:10,12
DA:11,12
DA:12,12
DA:13,12
DA:14,12
DA:15,12
DA:16,12
DA:17,12
DA:18,12
DA:19,12
DA:20,12
DA:21,12
DA:22,12
DA:23,12
DA:24,12
DA:25,12
DA:26,12
DA:27,12
DA:28,12
DA:29,12
DA:30,12
DA:31,12
DA:32,12
DA:33,12
DA:34,12
DA:35,12
DA:36,12
DA:37,12
DA:38,12
DA:39,12
DA:40,12
DA:41,12
DA:42,12
DA:43,12
DA:44,12
DA:45,12
DA:46,12
DA:47,12
DA:48,12
DA:49,12
DA:50,12
DA:51,12
DA:52,12
DA:53,12
DA:54,12
DA:55,12
DA:56,12
DA:57,12
DA:58,12
DA:59,12
DA:60,12
DA:61,12
DA:62,12
DA:63,12
DA:64,12
DA:65,12
DA:66,12
DA:67,12
DA:68,12
DA:69,12
DA:70,12
DA:71,12
DA:72,12
DA:73,12
DA:74,12
DA:75,12
DA:76,12
DA:77,12
DA:78,12
DA:79,12
DA:80,12
DA:81,12
DA:82,12
DA:83,12
DA:84,12
DA:85,12
DA:86,12
DA:87,12
DA:88,12
DA:89,12
DA:90,12
DA:91,12
DA:92,12
DA:93,12
DA:94,12
DA:95,12
DA:96,12
DA:97,12
DA:98,12
DA:99,12
DA:100,12
DA:101,12
DA:102,12
DA:103,12
DA:104,12
DA:105,12
DA:106,12
DA:107,12
DA:108,12
DA:109,12
DA:110,12
DA:111,12
DA:112,12
DA:113,12
DA:114,12
DA:115,12
DA:116,12
DA:117,12
DA:118,12
DA:119,12
DA:120,12
DA:121,12
DA:122,12
DA:123,12
DA:124,12
DA:125,12
DA:126,12
DA:127,12
DA:128,12
DA:129,12
DA:130,12
DA:131,12
DA:132,12
DA:133,12
DA:134,12
DA:135,12
DA:136,12
DA:137,12
DA:138,12
DA:139,12
DA:140,12
DA:141,12
DA:142,12
DA:143,12
DA:144,12
DA:145,12
DA:146,12
DA:147,12
DA:148,12
DA:149,12
DA:150,12
DA:151,12
DA:152,12
DA:153,12
DA:154,12
DA:155,12
DA:156,12
DA:157,12
DA:158,12
DA:159,12
DA:160,12
DA:161,12
DA:162,12
DA:163,12
DA:164,12
DA:165,12
DA:166,12
DA:167,12
DA:168,12
DA:169,12
DA:170,12
DA:171,12
DA:172,12
DA:173,12
DA:174,12
DA:175,12
DA:176,12
DA:177,12
DA:178,12
DA:179,12
DA:180,12
DA:181,12
DA:182,12
DA:183,12
DA:184,12
DA:185,12
DA:186,12
DA:187,12
DA:188,12
DA:189,12
DA:190,12
DA:191,12
DA:192,12
DA:193,12
DA:194,12
DA:195,12
DA:196,12
DA:197,12
DA:198,12
DA:199,12
DA:200,12
DA:201,12
DA:202,12
DA:203,12
DA:204,12
DA:205,12
DA:206,12
DA:207,12
DA:208,12
DA:209,12
DA:210,12
DA:211,12
DA:212,12
DA:213,12
DA:214,12
DA:215,12
DA:216,12
DA:217,12
DA:218,12
DA:219,12
DA:220,12
DA:221,12
DA:222,12
DA:223,12
DA:224,12
DA:225,12
DA:226,12
DA:227,12
DA:228,12
DA:229,12
DA:230,12
DA:231,12
DA:232,12
DA:233,12
DA:234,12
DA:235,12
DA:236,12
DA:237,12
DA:238,12
DA:239,12
DA:240,12
DA:241,12
DA:242,12
DA:243,12
DA:244,12
DA:245,12
DA:246,12
DA:247,12
DA:248,12
DA:249,12
DA:250,12
DA:251,12
DA:252,12
DA:253,12
DA:254,12
DA:255,12
DA:256,12
DA:257,12
DA:258,12
DA:259,12
LF:259
LH:259
BRDA:1,0,0,12
BRF:1
BRH:1
end_of_record
TN:
SF:src/store/reducer.js
FN:11,loadFromStorage
FN:24,saveToStorage
FN:32,getInitialState
FN:47,reducer
FNF:4
FNH:4
FNDA:12,loadFromStorage
FNDA:10,saveToStorage
FNDA:12,getInitialState
FNDA:22,reducer
DA:1,12
DA:2,12
DA:3,12
DA:4,12
DA:5,12
DA:6,12
DA:7,12
DA:8,12
DA:9,12
DA:10,12
DA:11,12
DA:12,12
DA:13,12
DA:14,12
DA:15,0
DA:16,0
DA:17,0
DA:18,12
DA:19,0
DA:20,0
DA:21,12
DA:22,12
DA:23,12
DA:24,12
DA:25,10
DA:26,10
DA:27,10
DA:28,0
DA:29,0
DA:30,12
DA:31,12
DA:32,12
DA:33,12
DA:34,12
DA:35,0
DA:36,0
DA:37,12
DA:38,12
DA:39,12
DA:40,12
DA:41,12
DA:42,12
DA:43,12
DA:44,12
DA:45,12
DA:46,12
DA:47,12
DA:48,22
DA:49,22
DA:50,22
DA:51,2
DA:52,2
DA:53,2
DA:54,2
DA:55,2
DA:56,2
DA:57,22
DA:58,22
DA:59,0
DA:60,0
DA:61,0
DA:62,0
DA:63,0
DA:64,0
DA:65,0
DA:66,0
DA:67,22
DA:68,22
DA:69,8
DA:70,8
DA:71,8
DA:72,8
DA:73,8
DA:74,8
DA:75,22
DA:76,22
DA:77,0
DA:78,0
DA:79,0
DA:80,0
DA:81,0
DA:82,0
DA:83,22
DA:84,22
DA:85,12
DA:86,22
DA:87,12
LF:87
LH:64
BRDA:1,0,0,12
BRDA:11,1,0,12
BRDA:14,2,0,0
BRDA:18,3,0,0
BRDA:24,4,0,18
BRDA:27,5,0,8
BRDA:32,6,0,12
BRDA:34,7,0,0
BRDA:47,8,0,22
BRDA:50,9,0,2
BRDA:58,10,0,0
BRDA:68,11,0,8
BRDA:76,12,0,0
BRDA:84,13,0,12
BRDA:71,14,0,176
BRF:15
BRH:10
end_of_record
TN:
SF:src/store/store.js
FNF:0
FNH:0
DA:1,12
DA:2,12
DA:3,12
DA:4,12
DA:5,12
DA:6,12
DA:7,12
LF:7
LH:7
BRDA:1,0,0,12
BRDA:6,1,0,0
BRF:2
BRH:1
end_of_record
